#
# There is insufficient memory for the Java Runtime Environment to continue.
# Native memory allocation (mmap) failed to map 67108864 bytes for G1 virtual space
# Possible reasons:
#   The system is out of physical RAM or swap space
#   The process is running with CompressedOops enabled, and the Java Heap may be blocking the growth of the native heap
# Possible solutions:
#   Reduce memory load on the system
#   Increase physical memory or swap space
#   Check if swap backing store is full
#   Decrease Java heap size (-Xmx/-Xms)
#   Decrease number of Java threads
#   Decrease Java thread stack sizes (-Xss)
#   Set larger code cache with -XX:ReservedCodeCacheSize=
#   JVM is running with Unscaled Compressed Oops mode in which the Java heap is
#     placed in the first 4GB address space. The Java Heap base address is the
#     maximum limit for the native heap growth. Please use -XX:HeapBaseMinAddress
#     to set the Java Heap base and to place the Java Heap above 4GB virtual address.
# This output file may be truncated or incomplete.
#
#  Out of Memory Error (os_windows.cpp:3551), pid=20048, tid=11248
#
# JRE version:  (17.0.14+8) (build )
# Java VM: Java HotSpot(TM) 64-Bit Server VM (17.0.14+8-LTS-191, mixed mode, sharing, tiered, compressed oops, compressed class ptrs, g1 gc, windows-amd64)
# No core dump will be written. Minidumps are not enabled by default on client versions of Windows
#

---------------  S U M M A R Y ------------

Command Line: -Xmx64m -Xms64m -Dorg.gradle.appname=gradlew C:\Users\10User\ziara\frontend\android\\gradle\wrapper\gradle-wrapper.jar app:installDebug -PreactNativeDevServerPort=8081

Host: AMD Ryzen 5 3500U with Radeon Vega Mobile Gfx  , 8 cores, 5G,  Windows 10 , 64 bit Build 19041 (10.0.19041.5915)
Time: Mon Aug  4 12:05:21 2025 Middle East Daylight Time elapsed time: 0.019953 seconds (0d 0h 0m 0s)

---------------  T H R E A D  ---------------

Current thread (0x000001838e5d1a80):  JavaThread "Unknown thread" [_thread_in_vm, id=11248, stack(0x0000006bd5a00000,0x0000006bd5b00000)]

Stack: [0x0000006bd5a00000,0x0000006bd5b00000]
Native frames: (J=compiled Java code, j=interpreted, Vv=VM code, C=native code)
V  [jvm.dll+0x67a38a]
V  [jvm.dll+0x7da7ed]
V  [jvm.dll+0x7dc133]
V  [jvm.dll+0x7dc7a3]
V  [jvm.dll+0x24517f]
V  [jvm.dll+0x6773b9]
V  [jvm.dll+0x66c062]
V  [jvm.dll+0x302096]
V  [jvm.dll+0x309636]
V  [jvm.dll+0x359f8e]
V  [jvm.dll+0x35a1bf]
V  [jvm.dll+0x2d9168]
V  [jvm.dll+0x2da0d4]
V  [jvm.dll+0x7acf71]
V  [jvm.dll+0x3677f1]
V  [jvm.dll+0x78bdf9]
V  [jvm.dll+0x3ecbaf]
V  [jvm.dll+0x3ee7e1]
C  [jli.dll+0x5297]
C  [ucrtbase.dll+0x21bb2]
C  [KERNEL32.DLL+0x17374]
C  [ntdll.dll+0x4cc91]


---------------  P R O C E S S  ---------------

Threads class SMR info:
_java_thread_list=0x00007ffeae4d8a18, length=0, elements={
}

Java Threads: ( => current thread )

Other Threads:
  0x000001838e5f1c10 GCTaskThread "GC Thread#0" [stack: 0x0000006bd5b00000,0x0000006bd5c00000] [id=10004]
  0x000001838e5f3370 ConcurrentGCThread "G1 Main Marker" [stack: 0x0000006bd5c00000,0x0000006bd5d00000] [id=11620]
  0x000001838e5f4b00 ConcurrentGCThread "G1 Conc#0" [stack: 0x0000006bd5d00000,0x0000006bd5e00000] [id=7708]

[error occurred during error reporting (printing all threads), id 0xc0000005, EXCEPTION_ACCESS_VIOLATION (0xc0000005) at pc=0x00007ffeadd09c57]

VM state: not at safepoint (not fully initialized)

VM Mutex/Monitor currently owned by a thread:  ([mutex/lock_event])
[0x000001838e5cd8c0] Heap_lock - owner thread: 0x000001838e5d1a80

Heap address: 0x00000000fc000000, size: 64 MB, Compressed Oops mode: 32-bit

CDS archive(s) mapped at: [0x0000000000000000-0x0000000000000000-0x0000000000000000), size 0, SharedBaseAddress: 0x0000000800000000, ArchiveRelocationMode: 1.
Narrow klass base: 0x0000000000000000, Narrow klass shift: 0, Narrow klass range: 0x0

GC Precious Log:
<Empty>

Heap:
 garbage-first heap   total 0K, used 0K [0x00000000fc000000, 0x0000000100000000)
  region size 1024K, 0 young (0K), 0 survivors (0K)

[error occurred during error reporting (printing heap information), id 0xc0000005, EXCEPTION_ACCESS_VIOLATION (0xc0000005) at pc=0x00007ffeae0f3b79]

GC Heap History (0 events):
No events

Deoptimization events (0 events):
No events

Classes unloaded (0 events):
No events

Classes redefined (0 events):
No events

Internal exceptions (0 events):
No events

VM Operations (0 events):
No events

Events (1 events):
Event: 0.010 Loaded shared library C:\Program Files\Java\jdk-17\bin\java.dll


Dynamic libraries:
0x00007ff75f840000 - 0x00007ff75f850000 	C:\Program Files\Java\jdk-17\bin\java.exe
0x00007fff05570000 - 0x00007fff05768000 	C:\Windows\SYSTEM32\ntdll.dll
0x00007ffecda70000 - 0x00007ffecda90000 	C:\Program Files\Avast Software\Avast\aswhook.dll
0x00007fff04570000 - 0x00007fff04632000 	C:\Windows\System32\KERNEL32.DLL
0x00007fff03290000 - 0x00007fff03586000 	C:\Windows\System32\KERNELBASE.dll
0x00007fff03190000 - 0x00007fff03290000 	C:\Windows\System32\ucrtbase.dll
0x00007ffedb2b0000 - 0x00007ffedb2c9000 	C:\Program Files\Java\jdk-17\bin\jli.dll
0x00007ffedb290000 - 0x00007ffedb2ab000 	C:\Program Files\Java\jdk-17\bin\VCRUNTIME140.dll
0x00007fff05470000 - 0x00007fff05521000 	C:\Windows\System32\ADVAPI32.dll
0x00007fff04d40000 - 0x00007fff04dde000 	C:\Windows\System32\msvcrt.dll
0x00007fff04940000 - 0x00007fff049df000 	C:\Windows\System32\sechost.dll
0x00007fff05330000 - 0x00007fff05453000 	C:\Windows\System32\RPCRT4.dll
0x00007fff03160000 - 0x00007fff03187000 	C:\Windows\System32\bcrypt.dll
0x00007fff043c0000 - 0x00007fff0455d000 	C:\Windows\System32\USER32.dll
0x00007ffee9460000 - 0x00007ffee96fa000 	C:\Windows\WinSxS\amd64_microsoft.windows.common-controls_6595b64144ccf1df_6.0.19041.5915_none_60b4b9d171f9c7c7\COMCTL32.dll
0x00007fff02e40000 - 0x00007fff02e62000 	C:\Windows\System32\win32u.dll
0x00007fff04250000 - 0x00007fff0427b000 	C:\Windows\System32\GDI32.dll
0x00007fff02c00000 - 0x00007fff02d19000 	C:\Windows\System32\gdi32full.dll
0x00007fff02da0000 - 0x00007fff02e3d000 	C:\Windows\System32\msvcp_win.dll
0x00007fff00a10000 - 0x00007fff00a1a000 	C:\Windows\SYSTEM32\VERSION.dll
0x00007fff04e40000 - 0x00007fff04e6f000 	C:\Windows\System32\IMM32.DLL
0x00007ffedb280000 - 0x00007ffedb28c000 	C:\Program Files\Java\jdk-17\bin\vcruntime140_1.dll
0x00007ffeae610000 - 0x00007ffeae69e000 	C:\Program Files\Java\jdk-17\bin\msvcp140.dll
0x00007ffeada20000 - 0x00007ffeae601000 	C:\Program Files\Java\jdk-17\bin\server\jvm.dll
0x00007fff04560000 - 0x00007fff04568000 	C:\Windows\System32\PSAPI.DLL
0x00007ffee7350000 - 0x00007ffee7359000 	C:\Windows\SYSTEM32\WSOCK32.dll
0x00007ffef6d20000 - 0x00007ffef6d47000 	C:\Windows\SYSTEM32\WINMM.dll
0x00007fff049e0000 - 0x00007fff04a4b000 	C:\Windows\System32\WS2_32.dll
0x00007fff00c60000 - 0x00007fff00c72000 	C:\Windows\SYSTEM32\kernel.appcore.dll
0x00007ffedb270000 - 0x00007ffedb27a000 	C:\Program Files\Java\jdk-17\bin\jimage.dll
0x00007ffeffe10000 - 0x00007fff00011000 	C:\Windows\SYSTEM32\DBGHELP.DLL
0x00007ffef6f90000 - 0x00007ffef6fc4000 	C:\Windows\SYSTEM32\dbgcore.DLL
0x00007fff03080000 - 0x00007fff03102000 	C:\Windows\System32\bcryptPrimitives.dll
0x00007ffead870000 - 0x00007ffead895000 	C:\Program Files\Java\jdk-17\bin\java.dll

dbghelp: loaded successfully - version: 4.0.5 - missing functions: none
symbol engine: initialized successfully - sym options: 0x614 - pdb path: .;C:\Program Files\Java\jdk-17\bin;C:\Windows\SYSTEM32;C:\Program Files\Avast Software\Avast;C:\Windows\WinSxS\amd64_microsoft.windows.common-controls_6595b64144ccf1df_6.0.19041.5915_none_60b4b9d171f9c7c7;C:\Program Files\Java\jdk-17\bin\server

VM Arguments:
jvm_args: -Xmx64m -Xms64m -Dorg.gradle.appname=gradlew 
java_command: C:\Users\10User\ziara\frontend\android\\gradle\wrapper\gradle-wrapper.jar app:installDebug -PreactNativeDevServerPort=8081
java_class_path (initial): C:\Users\10User\ziara\frontend\android\\gradle\wrapper\gradle-wrapper.jar
Launcher Type: SUN_STANDARD

[Global flags]
     intx CICompilerCount                          = 4                                         {product} {ergonomic}
     uint ConcGCThreads                            = 2                                         {product} {ergonomic}
     uint G1ConcRefinementThreads                  = 8                                         {product} {ergonomic}
   size_t G1HeapRegionSize                         = 1048576                                   {product} {ergonomic}
    uintx GCDrainStackTargetSize                   = 64                                        {product} {ergonomic}
   size_t InitialHeapSize                          = 67108864                                  {product} {command line}
   size_t MarkStackSize                            = 4194304                                   {product} {ergonomic}
   size_t MaxHeapSize                              = 67108864                                  {product} {command line}
   size_t MinHeapDeltaBytes                        = 1048576                                   {product} {ergonomic}
   size_t MinHeapSize                              = 67108864                                  {product} {command line}
    uintx NonNMethodCodeHeapSize                   = 5839372                                {pd product} {ergonomic}
    uintx NonProfiledCodeHeapSize                  = 122909434                              {pd product} {ergonomic}
    uintx ProfiledCodeHeapSize                     = 122909434                              {pd product} {ergonomic}
    uintx ReservedCodeCacheSize                    = 251658240                              {pd product} {ergonomic}
     bool SegmentedCodeCache                       = true                                      {product} {ergonomic}
   size_t SoftMaxHeapSize                          = 67108864                               {manageable} {ergonomic}
     bool UseCompressedClassPointers               = true                           {product lp64_product} {ergonomic}
     bool UseCompressedOops                        = true                           {product lp64_product} {ergonomic}
     bool UseG1GC                                  = true                                      {product} {ergonomic}
     bool UseLargePagesIndividualAllocation        = false                                  {pd product} {ergonomic}

Logging:
Log output configuration:
 #0: stdout all=warning uptime,level,tags
 #1: stderr all=off uptime,level,tags

Environment Variables:
JAVA_HOME=C:\Program Files\Java\jdk-17
PATH=C:\Users\10User\ziara\frontend\node_modules\.bin;C:\Users\10User\ziara\frontend\node_modules\.bin;C:\Users\10User\ziara\node_modules\.bin;C:\Users\10User\node_modules\.bin;C:\Users\node_modules\.bin;C:\node_modules\.bin;C:\Users\10User\AppData\Roaming\npm\node_modules\npm\node_modules\@npmcli\run-script\lib\node-gyp-bin;C:\Users\10User\AppData\Local\Programs\Python\Python313\Scripts\;C:\Users\10User\AppData\Local\Programs\Python\Python313\;C:\Program Files\Common Files\Oracle\Java\javapath;C:\Windows\system32;C:\Windows;C:\Windows\System32\Wbem;C:\Windows\System32\WindowsPowerShell\v1.0\;C:\Windows\System32\OpenSSH\;C:\Program Files\Microsoft SQL Server\150\Tools\Binn\;C:\Program Files (x86)\Windows Kits\10\Windows Performance Toolkit\;C:\Program Files\Git\cmd;C:\Program Files\Git\mingw64\bin;C:\Program Files\Git\usr\bin;C:\Program Files\Microsoft SQL Server\Client SDK\ODBC\170\Tools\Binn\;C:\Program Files\dotnet\;C:\Program Files\Java;C:\ProgramData\chocolatey\bin;C:\platform-tools\platform-tools;C:\Program Files\nodejs\;C:\Users\10User\AppData\Local\Programs\Python\Launcher\;C:\Users\10User\AppData\Local\Microsoft\WindowsApps;C:\Users\10User\AppData\Local\Programs\Microsoft VS Code\bin;C:\src\flutter\bin;C:\Users\10User\.dotnet\tools;C:\Program Files\Java\jdk-17\bin;C:\Program Files\JetBrains\PyCharm 2024.2.3\bin;;C:\Users\10User\AppData\Roaming\npm;C:\Users\YourUsername\AppData\Local\Programs\Python\Python313\Scripts\;
USERNAME=10User
LANG=en_US.UTF-8
OS=Windows_NT
PROCESSOR_IDENTIFIER=AMD64 Family 23 Model 24 Stepping 1, AuthenticAMD



---------------  S Y S T E M  ---------------

OS:
 Windows 10 , 64 bit Build 19041 (10.0.19041.5915)
OS uptime: 0 days 17:45 hours

CPU: total 8 (initial active 8) (8 cores per cpu, 2 threads per core) family 23 model 24 stepping 1 microcode 0x0, cx8, cmov, fxsr, ht, mmx, 3dnowpref, sse, sse2, sse3, ssse3, sse4a, sse4.1, sse4.2, popcnt, lzcnt, tsc, tscinvbit, avx, avx2, aes, clmul, bmi1, bmi2, adx, sha, fma, vzeroupper, clflush, clflushopt

Memory: 4k page, system-wide physical 6019M (369M free)
TotalPageFile size 24451M (AvailPageFile size 45M)
current process WorkingSet (physical memory assigned to process): 10M, peak: 10M
current process commit charge ("private bytes"): 59M, peak: 123M

vm_info: Java HotSpot(TM) 64-Bit Server VM (17.0.14+8-LTS-191) for windows-amd64 JRE (17.0.14+8-LTS-191), built on Dec  3 2024 11:07:59 by "mach5one" with MS VC++ 17.6 (VS2022)

END.
