#
# There is insufficient memory for the Java Runtime Environment to continue.
# Native memory allocation (malloc) failed to allocate 313536 bytes for Chunk::new
# Possible reasons:
#   The system is out of physical RAM or swap space
#   The process is running with CompressedOops enabled, and the Java Heap may be blocking the growth of the native heap
# Possible solutions:
#   Reduce memory load on the system
#   Increase physical memory or swap space
#   Check if swap backing store is full
#   Decrease Java heap size (-Xmx/-Xms)
#   Decrease number of Java threads
#   Decrease Java thread stack sizes (-Xss)
#   Set larger code cache with -XX:ReservedCodeCacheSize=
#   JVM is running with Unscaled Compressed Oops mode in which the Java heap is
#     placed in the first 4GB address space. The Java Heap base address is the
#     maximum limit for the native heap growth. Please use -XX:HeapBaseMinAddress
#     to set the Java Heap base and to place the Java Heap above 4GB virtual address.
# This output file may be truncated or incomplete.
#
#  Out of Memory Error (arena.cpp:189), pid=11132, tid=15596
#
# JRE version: Java(TM) SE Runtime Environment (17.0.14+8) (build 17.0.14+8-LTS-191)
# Java VM: Java HotSpot(TM) 64-Bit Server VM (17.0.14+8-LTS-191, mixed mode, sharing, tiered, compressed oops, compressed class ptrs, g1 gc, windows-amd64)
# No core dump will be written. Minidumps are not enabled by default on client versions of Windows
#

---------------  S U M M A R Y ------------

Command Line: -Xmx64m -Xms64m -Dorg.gradle.appname=gradlew C:\Users\10User\ziara\frontend\android\\gradle\wrapper\gradle-wrapper.jar app:installDebug -PreactNativeDevServerPort=8081

Host: AMD Ryzen 5 3500U with Radeon Vega Mobile Gfx  , 8 cores, 5G,  Windows 10 , 64 bit Build 19041 (10.0.19041.5915)
Time: Sat Jul 26 23:53:48 2025 Middle East Daylight Time elapsed time: 1.916322 seconds (0d 0h 0m 1s)

---------------  T H R E A D  ---------------

Current thread (0x000001cb7cc979e0):  JavaThread "C2 CompilerThread0" daemon [_thread_in_native, id=15596, stack(0x000000694b100000,0x000000694b200000)]


Current CompileTask:
C2:   1916  736 %     4       java.util.zip.ZipFile$Source::initCEN @ 240 (591 bytes)

Stack: [0x000000694b100000,0x000000694b200000]
Native frames: (J=compiled Java code, j=interpreted, Vv=VM code, C=native code)
V  [jvm.dll+0x67a38a]
V  [jvm.dll+0x7da7ed]
V  [jvm.dll+0x7dc133]
V  [jvm.dll+0x7dc7a3]
V  [jvm.dll+0x24517f]
V  [jvm.dll+0xab773]
V  [jvm.dll+0xabd3c]
V  [jvm.dll+0x2aa61f]
V  [jvm.dll+0x582209]
V  [jvm.dll+0x21f522]
V  [jvm.dll+0x21866c]
V  [jvm.dll+0x215c65]
V  [jvm.dll+0x1a2950]
V  [jvm.dll+0x22620b]
V  [jvm.dll+0x2243ab]
V  [jvm.dll+0x790bbc]
V  [jvm.dll+0x78b04a]
V  [jvm.dll+0x679275]
C  [ucrtbase.dll+0x21bb2]
C  [KERNEL32.DLL+0x17374]
C  [ntdll.dll+0x4cc91]


---------------  P R O C E S S  ---------------

Threads class SMR info:
_java_thread_list=0x000001cb7ce9e9d0, length=12, elements={
0x000001cb634b0860, 0x000001cb7cc78a70, 0x000001cb7cc798f0, 0x000001cb7cc8b470,
0x000001cb7cc8c440, 0x000001cb7cc90e20, 0x000001cb7cc94ce0, 0x000001cb7cc979e0,
0x000001cb7cca47e0, 0x000001cb7cca50f0, 0x000001cb7cecb3c0, 0x000001cb7ced18c0
}

Java Threads: ( => current thread )
  0x000001cb634b0860 JavaThread "main" [_thread_in_Java, id=17524, stack(0x000000694a400000,0x000000694a500000)]
  0x000001cb7cc78a70 JavaThread "Reference Handler" daemon [_thread_blocked, id=15088, stack(0x000000694ab00000,0x000000694ac00000)]
  0x000001cb7cc798f0 JavaThread "Finalizer" daemon [_thread_blocked, id=1060, stack(0x000000694ac00000,0x000000694ad00000)]
  0x000001cb7cc8b470 JavaThread "Signal Dispatcher" daemon [_thread_blocked, id=14268, stack(0x000000694ad00000,0x000000694ae00000)]
  0x000001cb7cc8c440 JavaThread "Attach Listener" daemon [_thread_blocked, id=10824, stack(0x000000694ae00000,0x000000694af00000)]
  0x000001cb7cc90e20 JavaThread "Service Thread" daemon [_thread_blocked, id=17032, stack(0x000000694af00000,0x000000694b000000)]
  0x000001cb7cc94ce0 JavaThread "Monitor Deflation Thread" daemon [_thread_blocked, id=22284, stack(0x000000694b000000,0x000000694b100000)]
=>0x000001cb7cc979e0 JavaThread "C2 CompilerThread0" daemon [_thread_in_native, id=15596, stack(0x000000694b100000,0x000000694b200000)]
  0x000001cb7cca47e0 JavaThread "C1 CompilerThread0" daemon [_thread_blocked, id=17216, stack(0x000000694b200000,0x000000694b300000)]
  0x000001cb7cca50f0 JavaThread "Sweeper thread" daemon [_thread_blocked, id=12776, stack(0x000000694b300000,0x000000694b400000)]
  0x000001cb7cecb3c0 JavaThread "Notification Thread" daemon [_thread_blocked, id=10528, stack(0x000000694b400000,0x000000694b500000)]
  0x000001cb7ced18c0 JavaThread "Common-Cleaner" daemon [_thread_blocked, id=13408, stack(0x000000694b600000,0x000000694b700000)]

Other Threads:
  0x000001cb7cc70270 VMThread "VM Thread" [stack: 0x000000694aa00000,0x000000694ab00000] [id=11300]
  0x000001cb634df230 WatcherThread [stack: 0x000000694b500000,0x000000694b600000] [id=22236]
  0x000001cb634d12d0 GCTaskThread "GC Thread#0" [stack: 0x000000694a500000,0x000000694a600000] [id=4852]
  0x000001cb7d22f0d0 GCTaskThread "GC Thread#1" [stack: 0x000000694b700000,0x000000694b800000] [id=8892]
  0x000001cb7d1f1f80 GCTaskThread "GC Thread#2" [stack: 0x000000694b800000,0x000000694b900000] [id=7780]
  0x000001cb7d1f2240 GCTaskThread "GC Thread#3" [stack: 0x000000694b900000,0x000000694ba00000] [id=18460]
  0x000001cb634d2a20 ConcurrentGCThread "G1 Main Marker" [stack: 0x000000694a600000,0x000000694a700000] [id=21464]
  0x000001cb634d3500 ConcurrentGCThread "G1 Conc#0" [stack: 0x000000694a700000,0x000000694a800000] [id=10656]
  0x000001cb63560ad0 ConcurrentGCThread "G1 Refine#0" [stack: 0x000000694a800000,0x000000694a900000] [id=2364]
  0x000001cb63561500 ConcurrentGCThread "G1 Service" [stack: 0x000000694a900000,0x000000694aa00000] [id=20804]

Threads with active compile tasks:
C2 CompilerThread0     1993  736 %     4       java.util.zip.ZipFile$Source::initCEN @ 240 (591 bytes)

VM state: not at safepoint (normal execution)

VM Mutex/Monitor currently owned by a thread: None

Heap address: 0x00000000fc000000, size: 64 MB, Compressed Oops mode: 32-bit

CDS archive(s) mapped at: [0x000001cb00000000-0x000001cb00bd0000-0x000001cb00bd0000), size 12386304, SharedBaseAddress: 0x000001cb00000000, ArchiveRelocationMode: 1.
Compressed class space mapped at: 0x000001cb01000000-0x000001cb41000000, reserved size: 1073741824
Narrow klass base: 0x000001cb00000000, Narrow klass shift: 0, Narrow klass range: 0x100000000

GC Precious Log:
 CPUs: 8 total, 8 available
 Memory: 6019M
 Large Page Support: Disabled
 NUMA Support: Disabled
 Compressed Oops: Enabled (32-bit)
 Heap Region Size: 1M
 Heap Min Capacity: 64M
 Heap Initial Capacity: 64M
 Heap Max Capacity: 64M
 Pre-touch: Disabled
 Parallel Workers: 8
 Concurrent Workers: 2
 Concurrent Refinement Workers: 8
 Periodic GC: Disabled

Heap:
 garbage-first heap   total 65536K, used 12032K [0x00000000fc000000, 0x0000000100000000)
  region size 1024K, 11 young (11264K), 2 survivors (2048K)
 Metaspace       used 2084K, committed 2240K, reserved 1114112K
  class space    used 193K, committed 256K, reserved 1048576K

Heap Regions: E=young(eden), S=young(survivor), O=old, HS=humongous(starts), HC=humongous(continues), CS=collection set, F=free, OA=open archive, CA=closed archive, TAMS=top-at-mark-start (previous, next)
|   0|0x00000000fc000000, 0x00000000fc100000, 0x00000000fc100000|100%|HS|  |TAMS 0x00000000fc000000, 0x00000000fc000000| Complete 
|   1|0x00000000fc100000, 0x00000000fc200000, 0x00000000fc200000|100%|HC|  |TAMS 0x00000000fc100000, 0x00000000fc100000| Complete 
|   2|0x00000000fc200000, 0x00000000fc300000, 0x00000000fc300000|100%|HC|  |TAMS 0x00000000fc200000, 0x00000000fc200000| Complete 
|   3|0x00000000fc300000, 0x00000000fc300000, 0x00000000fc400000|  0%| F|  |TAMS 0x00000000fc300000, 0x00000000fc300000| Untracked 
|   4|0x00000000fc400000, 0x00000000fc400000, 0x00000000fc500000|  0%| F|  |TAMS 0x00000000fc400000, 0x00000000fc400000| Untracked 
|   5|0x00000000fc500000, 0x00000000fc500000, 0x00000000fc600000|  0%| F|  |TAMS 0x00000000fc500000, 0x00000000fc500000| Untracked 
|   6|0x00000000fc600000, 0x00000000fc600000, 0x00000000fc700000|  0%| F|  |TAMS 0x00000000fc600000, 0x00000000fc600000| Untracked 
|   7|0x00000000fc700000, 0x00000000fc700000, 0x00000000fc800000|  0%| F|  |TAMS 0x00000000fc700000, 0x00000000fc700000| Untracked 
|   8|0x00000000fc800000, 0x00000000fc800000, 0x00000000fc900000|  0%| F|  |TAMS 0x00000000fc800000, 0x00000000fc800000| Untracked 
|   9|0x00000000fc900000, 0x00000000fc900000, 0x00000000fca00000|  0%| F|  |TAMS 0x00000000fc900000, 0x00000000fc900000| Untracked 
|  10|0x00000000fca00000, 0x00000000fca00000, 0x00000000fcb00000|  0%| F|  |TAMS 0x00000000fca00000, 0x00000000fca00000| Untracked 
|  11|0x00000000fcb00000, 0x00000000fcb00000, 0x00000000fcc00000|  0%| F|  |TAMS 0x00000000fcb00000, 0x00000000fcb00000| Untracked 
|  12|0x00000000fcc00000, 0x00000000fcc00000, 0x00000000fcd00000|  0%| F|  |TAMS 0x00000000fcc00000, 0x00000000fcc00000| Untracked 
|  13|0x00000000fcd00000, 0x00000000fcd00000, 0x00000000fce00000|  0%| F|  |TAMS 0x00000000fcd00000, 0x00000000fcd00000| Untracked 
|  14|0x00000000fce00000, 0x00000000fce00000, 0x00000000fcf00000|  0%| F|  |TAMS 0x00000000fce00000, 0x00000000fce00000| Untracked 
|  15|0x00000000fcf00000, 0x00000000fcf00000, 0x00000000fd000000|  0%| F|  |TAMS 0x00000000fcf00000, 0x00000000fcf00000| Untracked 
|  16|0x00000000fd000000, 0x00000000fd000000, 0x00000000fd100000|  0%| F|  |TAMS 0x00000000fd000000, 0x00000000fd000000| Untracked 
|  17|0x00000000fd100000, 0x00000000fd100000, 0x00000000fd200000|  0%| F|  |TAMS 0x00000000fd100000, 0x00000000fd100000| Untracked 
|  18|0x00000000fd200000, 0x00000000fd200000, 0x00000000fd300000|  0%| F|  |TAMS 0x00000000fd200000, 0x00000000fd200000| Untracked 
|  19|0x00000000fd300000, 0x00000000fd300000, 0x00000000fd400000|  0%| F|  |TAMS 0x00000000fd300000, 0x00000000fd300000| Untracked 
|  20|0x00000000fd400000, 0x00000000fd400000, 0x00000000fd500000|  0%| F|  |TAMS 0x00000000fd400000, 0x00000000fd400000| Untracked 
|  21|0x00000000fd500000, 0x00000000fd500000, 0x00000000fd600000|  0%| F|  |TAMS 0x00000000fd500000, 0x00000000fd500000| Untracked 
|  22|0x00000000fd600000, 0x00000000fd600000, 0x00000000fd700000|  0%| F|  |TAMS 0x00000000fd600000, 0x00000000fd600000| Untracked 
|  23|0x00000000fd700000, 0x00000000fd700000, 0x00000000fd800000|  0%| F|  |TAMS 0x00000000fd700000, 0x00000000fd700000| Untracked 
|  24|0x00000000fd800000, 0x00000000fd800000, 0x00000000fd900000|  0%| F|  |TAMS 0x00000000fd800000, 0x00000000fd800000| Untracked 
|  25|0x00000000fd900000, 0x00000000fd900000, 0x00000000fda00000|  0%| F|  |TAMS 0x00000000fd900000, 0x00000000fd900000| Untracked 
|  26|0x00000000fda00000, 0x00000000fda00000, 0x00000000fdb00000|  0%| F|  |TAMS 0x00000000fda00000, 0x00000000fda00000| Untracked 
|  27|0x00000000fdb00000, 0x00000000fdb00000, 0x00000000fdc00000|  0%| F|  |TAMS 0x00000000fdb00000, 0x00000000fdb00000| Untracked 
|  28|0x00000000fdc00000, 0x00000000fdc00000, 0x00000000fdd00000|  0%| F|  |TAMS 0x00000000fdc00000, 0x00000000fdc00000| Untracked 
|  29|0x00000000fdd00000, 0x00000000fdd00000, 0x00000000fde00000|  0%| F|  |TAMS 0x00000000fdd00000, 0x00000000fdd00000| Untracked 
|  30|0x00000000fde00000, 0x00000000fde00000, 0x00000000fdf00000|  0%| F|  |TAMS 0x00000000fde00000, 0x00000000fde00000| Untracked 
|  31|0x00000000fdf00000, 0x00000000fdf00000, 0x00000000fe000000|  0%| F|  |TAMS 0x00000000fdf00000, 0x00000000fdf00000| Untracked 
|  32|0x00000000fe000000, 0x00000000fe000000, 0x00000000fe100000|  0%| F|  |TAMS 0x00000000fe000000, 0x00000000fe000000| Untracked 
|  33|0x00000000fe100000, 0x00000000fe100000, 0x00000000fe200000|  0%| F|  |TAMS 0x00000000fe100000, 0x00000000fe100000| Untracked 
|  34|0x00000000fe200000, 0x00000000fe200000, 0x00000000fe300000|  0%| F|  |TAMS 0x00000000fe200000, 0x00000000fe200000| Untracked 
|  35|0x00000000fe300000, 0x00000000fe300000, 0x00000000fe400000|  0%| F|  |TAMS 0x00000000fe300000, 0x00000000fe300000| Untracked 
|  36|0x00000000fe400000, 0x00000000fe400000, 0x00000000fe500000|  0%| F|  |TAMS 0x00000000fe400000, 0x00000000fe400000| Untracked 
|  37|0x00000000fe500000, 0x00000000fe500000, 0x00000000fe600000|  0%| F|  |TAMS 0x00000000fe500000, 0x00000000fe500000| Untracked 
|  38|0x00000000fe600000, 0x00000000fe600000, 0x00000000fe700000|  0%| F|  |TAMS 0x00000000fe600000, 0x00000000fe600000| Untracked 
|  39|0x00000000fe700000, 0x00000000fe7c0000, 0x00000000fe800000| 75%| S|CS|TAMS 0x00000000fe700000, 0x00000000fe700000| Complete 
|  40|0x00000000fe800000, 0x00000000fe900000, 0x00000000fe900000|100%| S|CS|TAMS 0x00000000fe800000, 0x00000000fe800000| Complete 
|  41|0x00000000fe900000, 0x00000000fe900000, 0x00000000fea00000|  0%| F|  |TAMS 0x00000000fe900000, 0x00000000fe900000| Untracked 
|  42|0x00000000fea00000, 0x00000000fea00000, 0x00000000feb00000|  0%| F|  |TAMS 0x00000000fea00000, 0x00000000fea00000| Untracked 
|  43|0x00000000feb00000, 0x00000000feb00000, 0x00000000fec00000|  0%| F|  |TAMS 0x00000000feb00000, 0x00000000feb00000| Untracked 
|  44|0x00000000fec00000, 0x00000000fec00000, 0x00000000fed00000|  0%| F|  |TAMS 0x00000000fec00000, 0x00000000fec00000| Untracked 
|  45|0x00000000fed00000, 0x00000000fed00000, 0x00000000fee00000|  0%| F|  |TAMS 0x00000000fed00000, 0x00000000fed00000| Untracked 
|  46|0x00000000fee00000, 0x00000000fee00000, 0x00000000fef00000|  0%| F|  |TAMS 0x00000000fee00000, 0x00000000fee00000| Untracked 
|  47|0x00000000fef00000, 0x00000000fef00000, 0x00000000ff000000|  0%| F|  |TAMS 0x00000000fef00000, 0x00000000fef00000| Untracked 
|  48|0x00000000ff000000, 0x00000000ff000000, 0x00000000ff100000|  0%| F|  |TAMS 0x00000000ff000000, 0x00000000ff000000| Untracked 
|  49|0x00000000ff100000, 0x00000000ff100000, 0x00000000ff200000|  0%| F|  |TAMS 0x00000000ff100000, 0x00000000ff100000| Untracked 
|  50|0x00000000ff200000, 0x00000000ff200000, 0x00000000ff300000|  0%| F|  |TAMS 0x00000000ff200000, 0x00000000ff200000| Untracked 
|  51|0x00000000ff300000, 0x00000000ff300000, 0x00000000ff400000|  0%| F|  |TAMS 0x00000000ff300000, 0x00000000ff300000| Untracked 
|  52|0x00000000ff400000, 0x00000000ff400000, 0x00000000ff500000|  0%| F|  |TAMS 0x00000000ff400000, 0x00000000ff400000| Untracked 
|  53|0x00000000ff500000, 0x00000000ff500000, 0x00000000ff600000|  0%| F|  |TAMS 0x00000000ff500000, 0x00000000ff500000| Untracked 
|  54|0x00000000ff600000, 0x00000000ff600000, 0x00000000ff700000|  0%| F|  |TAMS 0x00000000ff600000, 0x00000000ff600000| Untracked 
|  55|0x00000000ff700000, 0x00000000ff800000, 0x00000000ff800000|100%| E|  |TAMS 0x00000000ff700000, 0x00000000ff700000| Complete 
|  56|0x00000000ff800000, 0x00000000ff900000, 0x00000000ff900000|100%| E|CS|TAMS 0x00000000ff800000, 0x00000000ff800000| Complete 
|  57|0x00000000ff900000, 0x00000000ffa00000, 0x00000000ffa00000|100%| E|CS|TAMS 0x00000000ff900000, 0x00000000ff900000| Complete 
|  58|0x00000000ffa00000, 0x00000000ffb00000, 0x00000000ffb00000|100%| E|CS|TAMS 0x00000000ffa00000, 0x00000000ffa00000| Complete 
|  59|0x00000000ffb00000, 0x00000000ffc00000, 0x00000000ffc00000|100%| E|CS|TAMS 0x00000000ffb00000, 0x00000000ffb00000| Complete 
|  60|0x00000000ffc00000, 0x00000000ffd00000, 0x00000000ffd00000|100%| E|CS|TAMS 0x00000000ffc00000, 0x00000000ffc00000| Complete 
|  61|0x00000000ffd00000, 0x00000000ffe00000, 0x00000000ffe00000|100%| E|  |TAMS 0x00000000ffd00000, 0x00000000ffd00000| Complete 
|  62|0x00000000ffe00000, 0x00000000fff00000, 0x00000000fff00000|100%| E|CS|TAMS 0x00000000ffe00000, 0x00000000ffe00000| Complete 
|  63|0x00000000fff00000, 0x0000000100000000, 0x0000000100000000|100%| E|CS|TAMS 0x00000000fff00000, 0x00000000fff00000| Complete 

Card table byte_map: [0x000001cb633b0000,0x000001cb633d0000] _byte_map_base: 0x000001cb62bd0000

Marking Bits (Prev, Next): (CMBitMap*) 0x000001cb634d18f0, (CMBitMap*) 0x000001cb634d1930
 Prev Bits: [0x000001cb7a0d0000, 0x000001cb7a1d0000)
 Next Bits: [0x000001cb7a1d0000, 0x000001cb7a2d0000)

Polling page: 0x000001cb61390000

Metaspace:

Usage:
  Non-class:      1.86 MB used.
      Class:    194.88 KB used.
       Both:      2.05 MB used.

Virtual space:
  Non-class space:       64.00 MB reserved,       1.94 MB (  3%) committed,  1 nodes.
      Class space:        1.00 GB reserved,     256.00 KB ( <1%) committed,  1 nodes.
             Both:        1.06 GB reserved,       2.19 MB ( <1%) committed. 

Chunk freelists:
   Non-Class:  11.58 MB
       Class:  15.66 MB
        Both:  27.23 MB

MaxMetaspaceSize: unlimited
CompressedClassSpaceSize: 1.00 GB
Initial GC threshold: 21.00 MB
Current GC threshold: 21.00 MB
CDS: on
MetaspaceReclaimPolicy: balanced
 - commit_granule_bytes: 65536.
 - commit_granule_words: 8192.
 - virtual_space_node_default_size: 8388608.
 - enlarge_chunks_in_place: 1.
 - new_chunks_are_fully_committed: 0.
 - uncommit_free_chunks: 1.
 - use_allocation_guard: 0.
 - handle_deallocations: 1.


Internal statistics:

num_allocs_failed_limit: 0.
num_arena_births: 14.
num_arena_deaths: 0.
num_vsnodes_births: 2.
num_vsnodes_deaths: 0.
num_space_committed: 35.
num_space_uncommitted: 0.
num_chunks_returned_to_freelist: 0.
num_chunks_taken_from_freelist: 53.
num_chunk_merges: 0.
num_chunk_splits: 31.
num_chunks_enlarged: 25.
num_inconsistent_stats: 0.

CodeHeap 'non-profiled nmethods': size=120000Kb used=317Kb max_used=317Kb free=119682Kb
 bounds [0x000001cb72860000, 0x000001cb72ad0000, 0x000001cb79d90000]
CodeHeap 'profiled nmethods': size=120000Kb used=1480Kb max_used=1480Kb free=118519Kb
 bounds [0x000001cb6ad90000, 0x000001cb6b000000, 0x000001cb722c0000]
CodeHeap 'non-nmethods': size=5760Kb used=1121Kb max_used=1142Kb free=4638Kb
 bounds [0x000001cb722c0000, 0x000001cb72530000, 0x000001cb72860000]
 total_blobs=1201 nmethods=798 adapters=316
 compilation: enabled
              stopped_count=0, restarted_count=0
 full_count=0

Compilation events (20 events):
Event: 1.881 Thread 0x000001cb7cca47e0  755   !   3       java.util.zip.ZipFile$Source::<init> (167 bytes)
Event: 1.881 Thread 0x000001cb7cc979e0 nmethod 737 0x000001cb728ac290 code [0x000001cb728ac460, 0x000001cb728acf48]
Event: 1.881 Thread 0x000001cb7cc979e0  738       4       java.util.zip.ZipFile$Source::isMetaName (141 bytes)
Event: 1.883 Thread 0x000001cb7cca47e0 nmethod 755 0x000001cb6aee2d10 code [0x000001cb6aee3020, 0x000001cb6aee4218]
Event: 1.883 Thread 0x000001cb7cca47e0  756       3       java.util.zip.ZipFile$Source$End::<init> (5 bytes)
Event: 1.883 Thread 0x000001cb7cca47e0 nmethod 756 0x000001cb6aee4910 code [0x000001cb6aee4aa0, 0x000001cb6aee4bf8]
Event: 1.884 Thread 0x000001cb7cc979e0 nmethod 738 0x000001cb728ad890 code [0x000001cb728ada20, 0x000001cb728adc58]
Event: 1.884 Thread 0x000001cb7cc979e0  736 %     4       java.util.zip.ZipFile$Source::initCEN @ 240 (591 bytes)
Event: 1.891 Thread 0x000001cb7cca47e0  757       3       java.util.WeakHashMap::isEmpty (13 bytes)
Event: 1.891 Thread 0x000001cb7cca47e0 nmethod 757 0x000001cb6aee4c90 code [0x000001cb6aee4e40, 0x000001cb6aee50a8]
Event: 1.891 Thread 0x000001cb7cca47e0  758       3       java.util.WeakHashMap::size (18 bytes)
Event: 1.892 Thread 0x000001cb7cca47e0 nmethod 758 0x000001cb6aee5190 code [0x000001cb6aee5340, 0x000001cb6aee5508]
Event: 1.898 Thread 0x000001cb7cca47e0  762       3       java.util.jar.JarFile::getEntry (35 bytes)
Event: 1.899 Thread 0x000001cb7cca47e0 nmethod 762 0x000001cb6aee5590 code [0x000001cb6aee5780, 0x000001cb6aee5c18]
Event: 1.904 Thread 0x000001cb7cca47e0  763       3       java.util.zip.ZipFile$InflaterCleanupAction::run (12 bytes)
Event: 1.904 Thread 0x000001cb7cca47e0 nmethod 763 0x000001cb6aee5d90 code [0x000001cb6aee5f40, 0x000001cb6aee6088]
Event: 1.904 Thread 0x000001cb7cca47e0  764   !   3       java.util.zip.ZipFile$CleanableResource::releaseInflater (53 bytes)
Event: 1.905 Thread 0x000001cb7cca47e0 nmethod 764 0x000001cb6aee6190 code [0x000001cb6aee6360, 0x000001cb6aee6788]
Event: 1.905 Thread 0x000001cb7cca47e0  765   !   3       java.util.zip.Inflater::reset (64 bytes)
Event: 1.905 Thread 0x000001cb7cca47e0 nmethod 765 0x000001cb6aee6990 code [0x000001cb6aee6b60, 0x000001cb6aee6ed8]

GC Heap History (2 events):
Event: 1.343 GC heap before
{Heap before GC invocations=0 (full 0):
 garbage-first heap   total 65536K, used 23552K [0x00000000fc000000, 0x0000000100000000)
  region size 1024K, 23 young (23552K), 0 survivors (0K)
 Metaspace       used 1705K, committed 1792K, reserved 1114112K
  class space    used 158K, committed 192K, reserved 1048576K
}
Event: 1.353 GC heap after
{Heap after GC invocations=1 (full 0):
 garbage-first heap   total 65536K, used 1792K [0x00000000fc000000, 0x0000000100000000)
  region size 1024K, 2 young (2048K), 2 survivors (2048K)
 Metaspace       used 1705K, committed 1792K, reserved 1114112K
  class space    used 158K, committed 192K, reserved 1048576K
}

Deoptimization events (20 events):
Event: 1.815 Thread 0x000001cb634b0860 DEOPT PACKING pc=0x000001cb6adc8fee sp=0x000000694a4fc780
Event: 1.815 Thread 0x000001cb634b0860 DEOPT UNPACKING pc=0x000001cb72312b43 sp=0x000000694a4fbc40 mode 0
Event: 1.852 Thread 0x000001cb634b0860 Uncommon trap: trap_request=0xffffff45 fr.pc=0x000001cb728a31f4 relative=0x0000000000000934
Event: 1.852 Thread 0x000001cb634b0860 Uncommon trap: reason=unstable_if action=reinterpret pc=0x000001cb728a31f4 method=java.util.zip.ZipCoder$UTF8ZipCoder.checkedHash([BII)I @ 27 c2
Event: 1.852 Thread 0x000001cb634b0860 DEOPT PACKING pc=0x000001cb728a31f4 sp=0x000000694a4fc360
Event: 1.852 Thread 0x000001cb634b0860 DEOPT UNPACKING pc=0x000001cb723123a3 sp=0x000000694a4fc2a8 mode 2
Event: 1.852 Thread 0x000001cb634b0860 Uncommon trap: trap_request=0xffffff45 fr.pc=0x000001cb728a9828 relative=0x0000000000000128
Event: 1.852 Thread 0x000001cb634b0860 Uncommon trap: reason=unstable_if action=reinterpret pc=0x000001cb728a9828 method=java.lang.StringCoding.hasNegatives([BII)Z @ 12 c2
Event: 1.852 Thread 0x000001cb634b0860 DEOPT PACKING pc=0x000001cb728a9828 sp=0x000000694a4fc150
Event: 1.852 Thread 0x000001cb634b0860 DEOPT UNPACKING pc=0x000001cb723123a3 sp=0x000000694a4fc0e0 mode 2
Event: 1.853 Thread 0x000001cb634b0860 Uncommon trap: trap_request=0xffffff45 fr.pc=0x000001cb7286ab34 relative=0x00000000000001b4
Event: 1.853 Thread 0x000001cb634b0860 Uncommon trap: reason=unstable_if action=reinterpret pc=0x000001cb7286ab34 method=java.lang.String.hashCode()I @ 20 c2
Event: 1.853 Thread 0x000001cb634b0860 DEOPT PACKING pc=0x000001cb7286ab34 sp=0x000000694a4fc1e0
Event: 1.853 Thread 0x000001cb634b0860 DEOPT UNPACKING pc=0x000001cb723123a3 sp=0x000000694a4fc170 mode 2
Event: 1.853 Thread 0x000001cb634b0860 Uncommon trap: trap_request=0xffffff45 fr.pc=0x000001cb728a4818 relative=0x0000000000000178
Event: 1.853 Thread 0x000001cb634b0860 Uncommon trap: reason=unstable_if action=reinterpret pc=0x000001cb728a4818 method=java.util.zip.ZipFile$Source.isMetaName([BII)Z @ 57 c2
Event: 1.853 Thread 0x000001cb634b0860 DEOPT PACKING pc=0x000001cb728a4818 sp=0x000000694a4fc3f0
Event: 1.853 Thread 0x000001cb634b0860 DEOPT UNPACKING pc=0x000001cb723123a3 sp=0x000000694a4fc380 mode 2
Event: 1.894 Thread 0x000001cb634b0860 DEOPT PACKING pc=0x000001cb6ae87b68 sp=0x000000694a4fc9f0
Event: 1.894 Thread 0x000001cb634b0860 DEOPT UNPACKING pc=0x000001cb72312b43 sp=0x000000694a4fbe80 mode 0

Classes unloaded (0 events):
No events

Classes redefined (0 events):
No events

Internal exceptions (1 events):
Event: 0.414 Thread 0x000001cb634b0860 Exception <a 'java/lang/NoSuchMethodError'{0x00000000ffc07658}: 'int java.lang.invoke.DirectMethodHandle$Holder.invokeStaticInit(java.lang.Object, java.lang.Object)'> (0x00000000ffc07658) 
thrown [s\open\src\hotspot\share\interpreter\linkResolver.cpp, line 759]

VM Operations (6 events):
Event: 0.130 Executing VM operation: HandshakeAllThreads
Event: 0.130 Executing VM operation: HandshakeAllThreads done
Event: 1.130 Executing VM operation: Cleanup
Event: 1.131 Executing VM operation: Cleanup done
Event: 1.341 Executing VM operation: G1CollectForAllocation
Event: 1.353 Executing VM operation: G1CollectForAllocation done

Events (20 events):
Event: 0.387 loading class java/io/FilePermissionCollection done
Event: 0.387 loading class java/util/Vector
Event: 0.388 loading class java/util/Vector done
Event: 0.388 loading class java/io/FilePermissionCollection$1
Event: 0.388 loading class java/io/FilePermissionCollection$1 done
Event: 0.425 loading class java/net/MalformedURLException
Event: 0.426 loading class java/net/MalformedURLException done
Event: 0.428 loading class java/io/FileFilter
Event: 0.429 loading class java/io/FileFilter done
Event: 0.536 loading class java/util/AbstractList$Itr
Event: 0.537 loading class java/util/AbstractList$Itr done
Event: 0.592 loading class java/lang/invoke/DirectMethodHandle$Special
Event: 0.593 loading class java/lang/invoke/DirectMethodHandle$Special done
Event: 1.316 Loaded shared library C:\Program Files\Java\jdk-17\bin\jimage.dll
Event: 1.399 loading class java/io/BufferedReader
Event: 1.400 loading class java/io/BufferedReader done
Event: 1.400 loading class sun/nio/cs/StreamDecoder
Event: 1.401 loading class sun/nio/cs/StreamDecoder done
Event: 1.401 loading class sun/nio/cs/UTF_8$Decoder
Event: 1.401 loading class sun/nio/cs/UTF_8$Decoder done


Dynamic libraries:
0x00007ff6ee190000 - 0x00007ff6ee1a0000 	C:\Program Files\Java\jdk-17\bin\java.exe
0x00007ffe6b890000 - 0x00007ffe6ba88000 	C:\Windows\SYSTEM32\ntdll.dll
0x00007ffe32f70000 - 0x00007ffe32f90000 	C:\Program Files\Avast Software\Avast\aswhook.dll
0x00007ffe69960000 - 0x00007ffe69a22000 	C:\Windows\System32\KERNEL32.DLL
0x00007ffe690c0000 - 0x00007ffe693b6000 	C:\Windows\System32\KERNELBASE.dll
0x00007ffe694e0000 - 0x00007ffe695e0000 	C:\Windows\System32\ucrtbase.dll
0x00007ffe25810000 - 0x00007ffe2582b000 	C:\Program Files\Java\jdk-17\bin\VCRUNTIME140.dll
0x00007ffe25830000 - 0x00007ffe25849000 	C:\Program Files\Java\jdk-17\bin\jli.dll
0x00007ffe6a2a0000 - 0x00007ffe6a351000 	C:\Windows\System32\ADVAPI32.dll
0x00007ffe69e60000 - 0x00007ffe69efe000 	C:\Windows\System32\msvcrt.dll
0x00007ffe69c10000 - 0x00007ffe69caf000 	C:\Windows\System32\sechost.dll
0x00007ffe6ada0000 - 0x00007ffe6aec3000 	C:\Windows\System32\RPCRT4.dll
0x00007ffe68fe0000 - 0x00007ffe69007000 	C:\Windows\System32\bcrypt.dll
0x00007ffe6aed0000 - 0x00007ffe6b06d000 	C:\Windows\System32\USER32.dll
0x00007ffe68f20000 - 0x00007ffe68f42000 	C:\Windows\System32\win32u.dll
0x00007ffe6ac20000 - 0x00007ffe6ac4b000 	C:\Windows\System32\GDI32.dll
0x00007ffe4fe70000 - 0x00007ffe5010a000 	C:\Windows\WinSxS\amd64_microsoft.windows.common-controls_6595b64144ccf1df_6.0.19041.5915_none_60b4b9d171f9c7c7\COMCTL32.dll
0x00007ffe693c0000 - 0x00007ffe694d9000 	C:\Windows\System32\gdi32full.dll
0x00007ffe695e0000 - 0x00007ffe6967d000 	C:\Windows\System32\msvcp_win.dll
0x00007ffe66d30000 - 0x00007ffe66d3a000 	C:\Windows\SYSTEM32\VERSION.dll
0x00007ffe6ac80000 - 0x00007ffe6acaf000 	C:\Windows\System32\IMM32.DLL
0x00007ffe25800000 - 0x00007ffe2580c000 	C:\Program Files\Java\jdk-17\bin\vcruntime140_1.dll
0x00007ffe25770000 - 0x00007ffe257fe000 	C:\Program Files\Java\jdk-17\bin\msvcp140.dll
0x00007ffddb630000 - 0x00007ffddc211000 	C:\Program Files\Java\jdk-17\bin\server\jvm.dll
0x00007ffe6a230000 - 0x00007ffe6a238000 	C:\Windows\System32\PSAPI.DLL
0x00007ffe5d760000 - 0x00007ffe5d787000 	C:\Windows\SYSTEM32\WINMM.dll
0x00007ffe4bf40000 - 0x00007ffe4bf49000 	C:\Windows\SYSTEM32\WSOCK32.dll
0x00007ffe6b070000 - 0x00007ffe6b0db000 	C:\Windows\System32\WS2_32.dll
0x00007ffe67740000 - 0x00007ffe67752000 	C:\Windows\SYSTEM32\kernel.appcore.dll
0x00007ffe25760000 - 0x00007ffe2576a000 	C:\Program Files\Java\jdk-17\bin\jimage.dll
0x00007ffe66110000 - 0x00007ffe66311000 	C:\Windows\SYSTEM32\DBGHELP.DLL
0x00007ffe5a5f0000 - 0x00007ffe5a624000 	C:\Windows\SYSTEM32\dbgcore.DLL
0x00007ffe68f50000 - 0x00007ffe68fd2000 	C:\Windows\System32\bcryptPrimitives.dll
0x00007ffddb600000 - 0x00007ffddb625000 	C:\Program Files\Java\jdk-17\bin\java.dll
0x00007ffddb520000 - 0x00007ffddb5f7000 	C:\Program Files\Java\jdk-17\bin\jsvml.dll
0x00007ffe6b0e0000 - 0x00007ffe6b84e000 	C:\Windows\System32\SHELL32.dll
0x00007ffe66f80000 - 0x00007ffe67724000 	C:\Windows\SYSTEM32\windows.storage.dll
0x00007ffe6a370000 - 0x00007ffe6a6c3000 	C:\Windows\System32\combase.dll
0x00007ffe68880000 - 0x00007ffe688ab000 	C:\Windows\SYSTEM32\Wldp.dll
0x00007ffe6a040000 - 0x00007ffe6a10d000 	C:\Windows\System32\OLEAUT32.dll
0x00007ffe69a30000 - 0x00007ffe69add000 	C:\Windows\System32\SHCORE.dll
0x00007ffe6ad40000 - 0x00007ffe6ad9b000 	C:\Windows\System32\shlwapi.dll
0x00007ffe68e50000 - 0x00007ffe68e74000 	C:\Windows\SYSTEM32\profapi.dll
0x00007ffe25740000 - 0x00007ffe25759000 	C:\Program Files\Java\jdk-17\bin\net.dll
0x00007ffe60300000 - 0x00007ffe6040a000 	C:\Windows\SYSTEM32\WINHTTP.dll
0x00007ffe685e0000 - 0x00007ffe6864a000 	C:\Windows\system32\mswsock.dll
0x00007ffddb500000 - 0x00007ffddb516000 	C:\Program Files\Java\jdk-17\bin\nio.dll
0x00007ffddb4e0000 - 0x00007ffddb4f8000 	C:\Program Files\Java\jdk-17\bin\zip.dll
0x00007ffe4ed60000 - 0x00007ffe4ed70000 	C:\Program Files\Java\jdk-17\bin\verify.dll

dbghelp: loaded successfully - version: 4.0.5 - missing functions: none
symbol engine: initialized successfully - sym options: 0x614 - pdb path: .;C:\Program Files\Java\jdk-17\bin;C:\Windows\SYSTEM32;C:\Program Files\Avast Software\Avast;C:\Windows\WinSxS\amd64_microsoft.windows.common-controls_6595b64144ccf1df_6.0.19041.5915_none_60b4b9d171f9c7c7;C:\Program Files\Java\jdk-17\bin\server

VM Arguments:
jvm_args: -Xmx64m -Xms64m -Dorg.gradle.appname=gradlew 
java_command: C:\Users\10User\ziara\frontend\android\\gradle\wrapper\gradle-wrapper.jar app:installDebug -PreactNativeDevServerPort=8081
java_class_path (initial): C:\Users\10User\ziara\frontend\android\\gradle\wrapper\gradle-wrapper.jar
Launcher Type: SUN_STANDARD

[Global flags]
     intx CICompilerCount                          = 4                                         {product} {ergonomic}
     uint ConcGCThreads                            = 2                                         {product} {ergonomic}
     uint G1ConcRefinementThreads                  = 8                                         {product} {ergonomic}
   size_t G1HeapRegionSize                         = 1048576                                   {product} {ergonomic}
    uintx GCDrainStackTargetSize                   = 64                                        {product} {ergonomic}
   size_t InitialHeapSize                          = 67108864                                  {product} {command line}
   size_t MarkStackSize                            = 4194304                                   {product} {ergonomic}
   size_t MaxHeapSize                              = 67108864                                  {product} {command line}
   size_t MaxNewSize                               = 39845888                                  {product} {ergonomic}
   size_t MinHeapDeltaBytes                        = 1048576                                   {product} {ergonomic}
   size_t MinHeapSize                              = 67108864                                  {product} {command line}
    uintx NonNMethodCodeHeapSize                   = 5839372                                {pd product} {ergonomic}
    uintx NonProfiledCodeHeapSize                  = 122909434                              {pd product} {ergonomic}
    uintx ProfiledCodeHeapSize                     = 122909434                              {pd product} {ergonomic}
    uintx ReservedCodeCacheSize                    = 251658240                              {pd product} {ergonomic}
     bool SegmentedCodeCache                       = true                                      {product} {ergonomic}
   size_t SoftMaxHeapSize                          = 67108864                               {manageable} {ergonomic}
     bool UseCompressedClassPointers               = true                           {product lp64_product} {ergonomic}
     bool UseCompressedOops                        = true                           {product lp64_product} {ergonomic}
     bool UseG1GC                                  = true                                      {product} {ergonomic}
     bool UseLargePagesIndividualAllocation        = false                                  {pd product} {ergonomic}

Logging:
Log output configuration:
 #0: stdout all=warning uptime,level,tags
 #1: stderr all=off uptime,level,tags

Environment Variables:
JAVA_HOME=C:\Program Files\Java\jdk-17
PATH=C:\Users\10User\ziara\frontend\node_modules\.bin;C:\Users\10User\ziara\frontend\node_modules\.bin;C:\Users\10User\ziara\node_modules\.bin;C:\Users\10User\node_modules\.bin;C:\Users\node_modules\.bin;C:\node_modules\.bin;C:\Users\10User\AppData\Roaming\npm\node_modules\npm\node_modules\@npmcli\run-script\lib\node-gyp-bin;C:\Users\10User\AppData\Local\Programs\Python\Python313\Scripts\;C:\Users\10User\AppData\Local\Programs\Python\Python313\;C:\Program Files\Common Files\Oracle\Java\javapath;C:\Windows\system32;C:\Windows;C:\Windows\System32\Wbem;C:\Windows\System32\WindowsPowerShell\v1.0\;C:\Windows\System32\OpenSSH\;C:\Program Files\Microsoft SQL Server\150\Tools\Binn\;C:\Program Files (x86)\Windows Kits\10\Windows Performance Toolkit\;C:\Program Files\Git\cmd;C:\Program Files\Git\mingw64\bin;C:\Program Files\Git\usr\bin;C:\Program Files\Microsoft SQL Server\Client SDK\ODBC\170\Tools\Binn\;C:\Program Files\dotnet\;C:\Program Files\Java;C:\ProgramData\chocolatey\bin;C:\platform-tools\platform-tools;C:\Program Files\nodejs\;C:\Users\10User\AppData\Local\Programs\Python\Launcher\;C:\Users\10User\AppData\Local\Microsoft\WindowsApps;C:\Users\10User\AppData\Local\Programs\Microsoft VS Code\bin;C:\src\flutter\bin;C:\Users\10User\.dotnet\tools;C:\Program Files\Java\jdk-17\bin;C:\Program Files\JetBrains\PyCharm 2024.2.3\bin;;C:\Users\10User\AppData\Roaming\npm;C:\Users\YourUsername\AppData\Local\Programs\Python\Python313\Scripts\;;c:\Users\10User\.vscode\extensions\ms-python.debugpy-2025.10.0-win32-x64\bundled\scripts\noConfigScripts
USERNAME=10User
LANG=en_US.UTF-8
OS=Windows_NT
PROCESSOR_IDENTIFIER=AMD64 Family 23 Model 24 Stepping 1, AuthenticAMD



---------------  S Y S T E M  ---------------

OS:
 Windows 10 , 64 bit Build 19041 (10.0.19041.5915)
OS uptime: 0 days 11:51 hours

CPU: total 8 (initial active 8) (8 cores per cpu, 2 threads per core) family 23 model 24 stepping 1 microcode 0x0, cx8, cmov, fxsr, ht, mmx, 3dnowpref, sse, sse2, sse3, ssse3, sse4a, sse4.1, sse4.2, popcnt, lzcnt, tsc, tscinvbit, avx, avx2, aes, clmul, bmi1, bmi2, adx, sha, fma, vzeroupper, clflush, clflushopt

Memory: 4k page, system-wide physical 6019M (282M free)
TotalPageFile size 24451M (AvailPageFile size 0M)
current process WorkingSet (physical memory assigned to process): 75M, peak: 75M
current process commit charge ("private bytes"): 157M, peak: 157M

vm_info: Java HotSpot(TM) 64-Bit Server VM (17.0.14+8-LTS-191) for windows-amd64 JRE (17.0.14+8-LTS-191), built on Dec  3 2024 11:07:59 by "mach5one" with MS VC++ 17.6 (VS2022)

END.
