#
# There is insufficient memory for the Java Runtime Environment to continue.
# Native memory allocation (malloc) failed to allocate 119536 bytes for Chunk::new
# Possible reasons:
#   The system is out of physical RAM or swap space
#   The process is running with CompressedOops enabled, and the Java Heap may be blocking the growth of the native heap
# Possible solutions:
#   Reduce memory load on the system
#   Increase physical memory or swap space
#   Check if swap backing store is full
#   Decrease Java heap size (-Xmx/-Xms)
#   Decrease number of Java threads
#   Decrease Java thread stack sizes (-Xss)
#   Set larger code cache with -XX:ReservedCodeCacheSize=
#   JVM is running with Unscaled Compressed Oops mode in which the Java heap is
#     placed in the first 4GB address space. The Java Heap base address is the
#     maximum limit for the native heap growth. Please use -XX:HeapBaseMinAddress
#     to set the Java Heap base and to place the Java Heap above 4GB virtual address.
# This output file may be truncated or incomplete.
#
#  Out of Memory Error (arena.cpp:189), pid=19712, tid=7124
#
# JRE version: Java(TM) SE Runtime Environment (17.0.14+8) (build 17.0.14+8-LTS-191)
# Java VM: Java HotSpot(TM) 64-Bit Server VM (17.0.14+8-LTS-191, mixed mode, sharing, tiered, compressed oops, compressed class ptrs, g1 gc, windows-amd64)
# No core dump will be written. Minidumps are not enabled by default on client versions of Windows
#

---------------  S U M M A R Y ------------

Command Line: -Xmx64m -Xms64m -Dorg.gradle.appname=gradlew C:\Users\10User\ziara\frontend\android\\gradle\wrapper\gradle-wrapper.jar app:installDebug -PreactNativeDevServerPort=8081

Host: AMD Ryzen 5 3500U with Radeon Vega Mobile Gfx  , 8 cores, 5G,  Windows 10 , 64 bit Build 19041 (10.0.19041.5915)
Time: Mon Aug  4 12:05:40 2025 Middle East Daylight Time elapsed time: 0.376917 seconds (0d 0h 0m 0s)

---------------  T H R E A D  ---------------

Current thread (0x0000023dfea0e290):  JavaThread "C2 CompilerThread0" daemon [_thread_in_native, id=7124, stack(0x000000bea2000000,0x000000bea2100000)]


Current CompileTask:
C2:    377  385       4       java.lang.StringLatin1::toLowerCase (186 bytes)

Stack: [0x000000bea2000000,0x000000bea2100000]
Native frames: (J=compiled Java code, j=interpreted, Vv=VM code, C=native code)
V  [jvm.dll+0x67a38a]
V  [jvm.dll+0x7da7ed]
V  [jvm.dll+0x7dc133]
V  [jvm.dll+0x7dc7a3]
V  [jvm.dll+0x24517f]
V  [jvm.dll+0xab773]
V  [jvm.dll+0xabd3c]
V  [jvm.dll+0x361dff]
V  [jvm.dll+0x32c521]
V  [jvm.dll+0x32b9ba]
V  [jvm.dll+0x21693f]
V  [jvm.dll+0x215d6f]
V  [jvm.dll+0x1a2950]
V  [jvm.dll+0x22620b]
V  [jvm.dll+0x2243ab]
V  [jvm.dll+0x790bbc]
V  [jvm.dll+0x78b04a]
V  [jvm.dll+0x679275]
C  [ucrtbase.dll+0x21bb2]
C  [KERNEL32.DLL+0x17374]
C  [ntdll.dll+0x4cc91]


---------------  P R O C E S S  ---------------

Threads class SMR info:
_java_thread_list=0x0000023dfec02880, length=12, elements={
0x0000023de32902f0, 0x0000023de333c780, 0x0000023de333d600, 0x0000023de3351e00,
0x0000023de3356bf0, 0x0000023de3357dc0, 0x0000023de335c4a0, 0x0000023dfea0e290,
0x0000023de335e310, 0x0000023de335e830, 0x0000023dfec45c00, 0x0000023dfec480f0
}

Java Threads: ( => current thread )
  0x0000023de32902f0 JavaThread "main" [_thread_in_native, id=10724, stack(0x000000bea1300000,0x000000bea1400000)]
  0x0000023de333c780 JavaThread "Reference Handler" daemon [_thread_blocked, id=14820, stack(0x000000bea1a00000,0x000000bea1b00000)]
  0x0000023de333d600 JavaThread "Finalizer" daemon [_thread_blocked, id=21632, stack(0x000000bea1b00000,0x000000bea1c00000)]
  0x0000023de3351e00 JavaThread "Signal Dispatcher" daemon [_thread_blocked, id=15348, stack(0x000000bea1c00000,0x000000bea1d00000)]
  0x0000023de3356bf0 JavaThread "Attach Listener" daemon [_thread_blocked, id=4216, stack(0x000000bea1d00000,0x000000bea1e00000)]
  0x0000023de3357dc0 JavaThread "Service Thread" daemon [_thread_blocked, id=21996, stack(0x000000bea1e00000,0x000000bea1f00000)]
  0x0000023de335c4a0 JavaThread "Monitor Deflation Thread" daemon [_thread_blocked, id=20652, stack(0x000000bea1f00000,0x000000bea2000000)]
=>0x0000023dfea0e290 JavaThread "C2 CompilerThread0" daemon [_thread_in_native, id=7124, stack(0x000000bea2000000,0x000000bea2100000)]
  0x0000023de335e310 JavaThread "C1 CompilerThread0" daemon [_thread_in_vm, id=6164, stack(0x000000bea2100000,0x000000bea2200000)]
  0x0000023de335e830 JavaThread "Sweeper thread" daemon [_thread_blocked, id=13788, stack(0x000000bea2200000,0x000000bea2300000)]
  0x0000023dfec45c00 JavaThread "Notification Thread" daemon [_thread_blocked, id=5648, stack(0x000000bea2300000,0x000000bea2400000)]
  0x0000023dfec480f0 JavaThread "Common-Cleaner" daemon [_thread_blocked, id=1748, stack(0x000000bea2500000,0x000000bea2600000)]

Other Threads:
  0x0000023de3335760 VMThread "VM Thread" [stack: 0x000000bea1900000,0x000000bea1a00000] [id=15436]
  0x0000023de32c07c0 WatcherThread [stack: 0x000000bea2400000,0x000000bea2500000] [id=6964]
  0x0000023de32b2d80 GCTaskThread "GC Thread#0" [stack: 0x000000bea1400000,0x000000bea1500000] [id=14000]
  0x0000023de32b45a0 ConcurrentGCThread "G1 Main Marker" [stack: 0x000000bea1500000,0x000000bea1600000] [id=20708]
  0x0000023de32b5750 ConcurrentGCThread "G1 Conc#0" [stack: 0x000000bea1600000,0x000000bea1700000] [id=18780]
  0x0000023de3315340 ConcurrentGCThread "G1 Refine#0" [stack: 0x000000bea1700000,0x000000bea1800000] [id=8116]
  0x0000023de3315d70 ConcurrentGCThread "G1 Service" [stack: 0x000000bea1800000,0x000000bea1900000] [id=11112]

Threads with active compile tasks:
C2 CompilerThread0      404  385       4       java.lang.StringLatin1::toLowerCase (186 bytes)

VM state: not at safepoint (normal execution)

VM Mutex/Monitor currently owned by a thread: None

Heap address: 0x00000000fc000000, size: 64 MB, Compressed Oops mode: 32-bit

CDS archive(s) mapped at: [0x0000023d80000000-0x0000023d80bd0000-0x0000023d80bd0000), size 12386304, SharedBaseAddress: 0x0000023d80000000, ArchiveRelocationMode: 1.
Compressed class space mapped at: 0x0000023d81000000-0x0000023dc1000000, reserved size: 1073741824
Narrow klass base: 0x0000023d80000000, Narrow klass shift: 0, Narrow klass range: 0x100000000

GC Precious Log:
 CPUs: 8 total, 8 available
 Memory: 6019M
 Large Page Support: Disabled
 NUMA Support: Disabled
 Compressed Oops: Enabled (32-bit)
 Heap Region Size: 1M
 Heap Min Capacity: 64M
 Heap Initial Capacity: 64M
 Heap Max Capacity: 64M
 Pre-touch: Disabled
 Parallel Workers: 8
 Concurrent Workers: 2
 Concurrent Refinement Workers: 8
 Periodic GC: Disabled

Heap:
 garbage-first heap   total 65536K, used 7168K [0x00000000fc000000, 0x0000000100000000)
  region size 1024K, 8 young (8192K), 0 survivors (0K)
 Metaspace       used 1618K, committed 1728K, reserved 1114112K
  class space    used 156K, committed 192K, reserved 1048576K

Heap Regions: E=young(eden), S=young(survivor), O=old, HS=humongous(starts), HC=humongous(continues), CS=collection set, F=free, OA=open archive, CA=closed archive, TAMS=top-at-mark-start (previous, next)
|   0|0x00000000fc000000, 0x00000000fc000000, 0x00000000fc100000|  0%| F|  |TAMS 0x00000000fc000000, 0x00000000fc000000| Untracked 
|   1|0x00000000fc100000, 0x00000000fc100000, 0x00000000fc200000|  0%| F|  |TAMS 0x00000000fc100000, 0x00000000fc100000| Untracked 
|   2|0x00000000fc200000, 0x00000000fc200000, 0x00000000fc300000|  0%| F|  |TAMS 0x00000000fc200000, 0x00000000fc200000| Untracked 
|   3|0x00000000fc300000, 0x00000000fc300000, 0x00000000fc400000|  0%| F|  |TAMS 0x00000000fc300000, 0x00000000fc300000| Untracked 
|   4|0x00000000fc400000, 0x00000000fc400000, 0x00000000fc500000|  0%| F|  |TAMS 0x00000000fc400000, 0x00000000fc400000| Untracked 
|   5|0x00000000fc500000, 0x00000000fc500000, 0x00000000fc600000|  0%| F|  |TAMS 0x00000000fc500000, 0x00000000fc500000| Untracked 
|   6|0x00000000fc600000, 0x00000000fc600000, 0x00000000fc700000|  0%| F|  |TAMS 0x00000000fc600000, 0x00000000fc600000| Untracked 
|   7|0x00000000fc700000, 0x00000000fc700000, 0x00000000fc800000|  0%| F|  |TAMS 0x00000000fc700000, 0x00000000fc700000| Untracked 
|   8|0x00000000fc800000, 0x00000000fc800000, 0x00000000fc900000|  0%| F|  |TAMS 0x00000000fc800000, 0x00000000fc800000| Untracked 
|   9|0x00000000fc900000, 0x00000000fc900000, 0x00000000fca00000|  0%| F|  |TAMS 0x00000000fc900000, 0x00000000fc900000| Untracked 
|  10|0x00000000fca00000, 0x00000000fca00000, 0x00000000fcb00000|  0%| F|  |TAMS 0x00000000fca00000, 0x00000000fca00000| Untracked 
|  11|0x00000000fcb00000, 0x00000000fcb00000, 0x00000000fcc00000|  0%| F|  |TAMS 0x00000000fcb00000, 0x00000000fcb00000| Untracked 
|  12|0x00000000fcc00000, 0x00000000fcc00000, 0x00000000fcd00000|  0%| F|  |TAMS 0x00000000fcc00000, 0x00000000fcc00000| Untracked 
|  13|0x00000000fcd00000, 0x00000000fcd00000, 0x00000000fce00000|  0%| F|  |TAMS 0x00000000fcd00000, 0x00000000fcd00000| Untracked 
|  14|0x00000000fce00000, 0x00000000fce00000, 0x00000000fcf00000|  0%| F|  |TAMS 0x00000000fce00000, 0x00000000fce00000| Untracked 
|  15|0x00000000fcf00000, 0x00000000fcf00000, 0x00000000fd000000|  0%| F|  |TAMS 0x00000000fcf00000, 0x00000000fcf00000| Untracked 
|  16|0x00000000fd000000, 0x00000000fd000000, 0x00000000fd100000|  0%| F|  |TAMS 0x00000000fd000000, 0x00000000fd000000| Untracked 
|  17|0x00000000fd100000, 0x00000000fd100000, 0x00000000fd200000|  0%| F|  |TAMS 0x00000000fd100000, 0x00000000fd100000| Untracked 
|  18|0x00000000fd200000, 0x00000000fd200000, 0x00000000fd300000|  0%| F|  |TAMS 0x00000000fd200000, 0x00000000fd200000| Untracked 
|  19|0x00000000fd300000, 0x00000000fd300000, 0x00000000fd400000|  0%| F|  |TAMS 0x00000000fd300000, 0x00000000fd300000| Untracked 
|  20|0x00000000fd400000, 0x00000000fd400000, 0x00000000fd500000|  0%| F|  |TAMS 0x00000000fd400000, 0x00000000fd400000| Untracked 
|  21|0x00000000fd500000, 0x00000000fd500000, 0x00000000fd600000|  0%| F|  |TAMS 0x00000000fd500000, 0x00000000fd500000| Untracked 
|  22|0x00000000fd600000, 0x00000000fd600000, 0x00000000fd700000|  0%| F|  |TAMS 0x00000000fd600000, 0x00000000fd600000| Untracked 
|  23|0x00000000fd700000, 0x00000000fd700000, 0x00000000fd800000|  0%| F|  |TAMS 0x00000000fd700000, 0x00000000fd700000| Untracked 
|  24|0x00000000fd800000, 0x00000000fd800000, 0x00000000fd900000|  0%| F|  |TAMS 0x00000000fd800000, 0x00000000fd800000| Untracked 
|  25|0x00000000fd900000, 0x00000000fd900000, 0x00000000fda00000|  0%| F|  |TAMS 0x00000000fd900000, 0x00000000fd900000| Untracked 
|  26|0x00000000fda00000, 0x00000000fda00000, 0x00000000fdb00000|  0%| F|  |TAMS 0x00000000fda00000, 0x00000000fda00000| Untracked 
|  27|0x00000000fdb00000, 0x00000000fdb00000, 0x00000000fdc00000|  0%| F|  |TAMS 0x00000000fdb00000, 0x00000000fdb00000| Untracked 
|  28|0x00000000fdc00000, 0x00000000fdc00000, 0x00000000fdd00000|  0%| F|  |TAMS 0x00000000fdc00000, 0x00000000fdc00000| Untracked 
|  29|0x00000000fdd00000, 0x00000000fdd00000, 0x00000000fde00000|  0%| F|  |TAMS 0x00000000fdd00000, 0x00000000fdd00000| Untracked 
|  30|0x00000000fde00000, 0x00000000fde00000, 0x00000000fdf00000|  0%| F|  |TAMS 0x00000000fde00000, 0x00000000fde00000| Untracked 
|  31|0x00000000fdf00000, 0x00000000fdf00000, 0x00000000fe000000|  0%| F|  |TAMS 0x00000000fdf00000, 0x00000000fdf00000| Untracked 
|  32|0x00000000fe000000, 0x00000000fe000000, 0x00000000fe100000|  0%| F|  |TAMS 0x00000000fe000000, 0x00000000fe000000| Untracked 
|  33|0x00000000fe100000, 0x00000000fe100000, 0x00000000fe200000|  0%| F|  |TAMS 0x00000000fe100000, 0x00000000fe100000| Untracked 
|  34|0x00000000fe200000, 0x00000000fe200000, 0x00000000fe300000|  0%| F|  |TAMS 0x00000000fe200000, 0x00000000fe200000| Untracked 
|  35|0x00000000fe300000, 0x00000000fe300000, 0x00000000fe400000|  0%| F|  |TAMS 0x00000000fe300000, 0x00000000fe300000| Untracked 
|  36|0x00000000fe400000, 0x00000000fe400000, 0x00000000fe500000|  0%| F|  |TAMS 0x00000000fe400000, 0x00000000fe400000| Untracked 
|  37|0x00000000fe500000, 0x00000000fe500000, 0x00000000fe600000|  0%| F|  |TAMS 0x00000000fe500000, 0x00000000fe500000| Untracked 
|  38|0x00000000fe600000, 0x00000000fe600000, 0x00000000fe700000|  0%| F|  |TAMS 0x00000000fe600000, 0x00000000fe600000| Untracked 
|  39|0x00000000fe700000, 0x00000000fe700000, 0x00000000fe800000|  0%| F|  |TAMS 0x00000000fe700000, 0x00000000fe700000| Untracked 
|  40|0x00000000fe800000, 0x00000000fe800000, 0x00000000fe900000|  0%| F|  |TAMS 0x00000000fe800000, 0x00000000fe800000| Untracked 
|  41|0x00000000fe900000, 0x00000000fe900000, 0x00000000fea00000|  0%| F|  |TAMS 0x00000000fe900000, 0x00000000fe900000| Untracked 
|  42|0x00000000fea00000, 0x00000000fea00000, 0x00000000feb00000|  0%| F|  |TAMS 0x00000000fea00000, 0x00000000fea00000| Untracked 
|  43|0x00000000feb00000, 0x00000000feb00000, 0x00000000fec00000|  0%| F|  |TAMS 0x00000000feb00000, 0x00000000feb00000| Untracked 
|  44|0x00000000fec00000, 0x00000000fec00000, 0x00000000fed00000|  0%| F|  |TAMS 0x00000000fec00000, 0x00000000fec00000| Untracked 
|  45|0x00000000fed00000, 0x00000000fed00000, 0x00000000fee00000|  0%| F|  |TAMS 0x00000000fed00000, 0x00000000fed00000| Untracked 
|  46|0x00000000fee00000, 0x00000000fee00000, 0x00000000fef00000|  0%| F|  |TAMS 0x00000000fee00000, 0x00000000fee00000| Untracked 
|  47|0x00000000fef00000, 0x00000000fef00000, 0x00000000ff000000|  0%| F|  |TAMS 0x00000000fef00000, 0x00000000fef00000| Untracked 
|  48|0x00000000ff000000, 0x00000000ff000000, 0x00000000ff100000|  0%| F|  |TAMS 0x00000000ff000000, 0x00000000ff000000| Untracked 
|  49|0x00000000ff100000, 0x00000000ff100000, 0x00000000ff200000|  0%| F|  |TAMS 0x00000000ff100000, 0x00000000ff100000| Untracked 
|  50|0x00000000ff200000, 0x00000000ff200000, 0x00000000ff300000|  0%| F|  |TAMS 0x00000000ff200000, 0x00000000ff200000| Untracked 
|  51|0x00000000ff300000, 0x00000000ff300000, 0x00000000ff400000|  0%| F|  |TAMS 0x00000000ff300000, 0x00000000ff300000| Untracked 
|  52|0x00000000ff400000, 0x00000000ff400000, 0x00000000ff500000|  0%| F|  |TAMS 0x00000000ff400000, 0x00000000ff400000| Untracked 
|  53|0x00000000ff500000, 0x00000000ff500000, 0x00000000ff600000|  0%| F|  |TAMS 0x00000000ff500000, 0x00000000ff500000| Untracked 
|  54|0x00000000ff600000, 0x00000000ff600000, 0x00000000ff700000|  0%| F|  |TAMS 0x00000000ff600000, 0x00000000ff600000| Untracked 
|  55|0x00000000ff700000, 0x00000000ff700000, 0x00000000ff800000|  0%| F|  |TAMS 0x00000000ff700000, 0x00000000ff700000| Untracked 
|  56|0x00000000ff800000, 0x00000000ff876478, 0x00000000ff900000| 46%| E|  |TAMS 0x00000000ff800000, 0x00000000ff800000| Complete 
|  57|0x00000000ff900000, 0x00000000ffa00000, 0x00000000ffa00000|100%| E|CS|TAMS 0x00000000ff900000, 0x00000000ff900000| Complete 
|  58|0x00000000ffa00000, 0x00000000ffb00000, 0x00000000ffb00000|100%| E|CS|TAMS 0x00000000ffa00000, 0x00000000ffa00000| Complete 
|  59|0x00000000ffb00000, 0x00000000ffc00000, 0x00000000ffc00000|100%| E|CS|TAMS 0x00000000ffb00000, 0x00000000ffb00000| Complete 
|  60|0x00000000ffc00000, 0x00000000ffd00000, 0x00000000ffd00000|100%| E|CS|TAMS 0x00000000ffc00000, 0x00000000ffc00000| Complete 
|  61|0x00000000ffd00000, 0x00000000ffe00000, 0x00000000ffe00000|100%| E|CS|TAMS 0x00000000ffd00000, 0x00000000ffd00000| Complete 
|  62|0x00000000ffe00000, 0x00000000fff00000, 0x00000000fff00000|100%| E|CS|TAMS 0x00000000ffe00000, 0x00000000ffe00000| Complete 
|  63|0x00000000fff00000, 0x0000000100000000, 0x0000000100000000|100%| E|CS|TAMS 0x00000000fff00000, 0x00000000fff00000| Complete 

Card table byte_map: [0x0000023de3360000,0x0000023de3380000] _byte_map_base: 0x0000023de2b80000

Marking Bits (Prev, Next): (CMBitMap*) 0x0000023de32b33a0, (CMBitMap*) 0x0000023de32b33e0
 Prev Bits: [0x0000023dfbe00000, 0x0000023dfbf00000)
 Next Bits: [0x0000023dfbf00000, 0x0000023dfc000000)

Polling page: 0x0000023de3110000

Metaspace:

Usage:
  Non-class:      1.43 MB used.
      Class:    156.95 KB used.
       Both:      1.58 MB used.

Virtual space:
  Non-class space:       64.00 MB reserved,       1.50 MB (  2%) committed,  1 nodes.
      Class space:        1.00 GB reserved,     192.00 KB ( <1%) committed,  1 nodes.
             Both:        1.06 GB reserved,       1.69 MB ( <1%) committed. 

Chunk freelists:
   Non-Class:  11.73 MB
       Class:  15.69 MB
        Both:  27.43 MB

MaxMetaspaceSize: unlimited
CompressedClassSpaceSize: 1.00 GB
Initial GC threshold: 21.00 MB
Current GC threshold: 21.00 MB
CDS: on
MetaspaceReclaimPolicy: balanced
 - commit_granule_bytes: 65536.
 - commit_granule_words: 8192.
 - virtual_space_node_default_size: 8388608.
 - enlarge_chunks_in_place: 1.
 - new_chunks_are_fully_committed: 0.
 - uncommit_free_chunks: 1.
 - use_allocation_guard: 0.
 - handle_deallocations: 1.


Internal statistics:

num_allocs_failed_limit: 0.
num_arena_births: 12.
num_arena_deaths: 0.
num_vsnodes_births: 2.
num_vsnodes_deaths: 0.
num_space_committed: 27.
num_space_uncommitted: 0.
num_chunks_returned_to_freelist: 0.
num_chunks_taken_from_freelist: 41.
num_chunk_merges: 0.
num_chunk_splits: 21.
num_chunks_enlarged: 13.
num_inconsistent_stats: 0.

CodeHeap 'non-profiled nmethods': size=120000Kb used=120Kb max_used=120Kb free=119880Kb
 bounds [0x0000023df3e60000, 0x0000023df40d0000, 0x0000023dfb390000]
CodeHeap 'profiled nmethods': size=120000Kb used=637Kb max_used=637Kb free=119362Kb
 bounds [0x0000023dec390000, 0x0000023dec600000, 0x0000023df38c0000]
CodeHeap 'non-nmethods': size=5760Kb used=1119Kb max_used=1134Kb free=4640Kb
 bounds [0x0000023df38c0000, 0x0000023df3b30000, 0x0000023df3e60000]
 total_blobs=802 nmethods=402 adapters=313
 compilation: enabled
              stopped_count=0, restarted_count=0
 full_count=0

Compilation events (20 events):
Event: 0.360 Thread 0x0000023de335e310 nmethod 379 0x0000023dec41b810 code [0x0000023dec41b9a0, 0x0000023dec41bb18]
Event: 0.364 Thread 0x0000023dfea0e290 nmethod 376% 0x0000023df3e7c590 code [0x0000023df3e7c720, 0x0000023df3e7ccf8]
Event: 0.364 Thread 0x0000023dfea0e290  377       4       java.util.HashMap::afterNodeInsertion (1 bytes)
Event: 0.364 Thread 0x0000023dfea0e290 nmethod 377 0x0000023df3e7cf90 code [0x0000023df3e7d100, 0x0000023df3e7d178]
Event: 0.365 Thread 0x0000023de335e310  380       3       java.util.LinkedHashMap::get (29 bytes)
Event: 0.365 Thread 0x0000023dfea0e290  381       4       java.lang.String::getChars (54 bytes)
Event: 0.365 Thread 0x0000023de335e310 nmethod 380 0x0000023dec41bb90 code [0x0000023dec41bd40, 0x0000023dec41bf98]
Event: 0.366 Thread 0x0000023de335e310  383       3       java.util.ArrayList$Itr::next (66 bytes)
Event: 0.366 Thread 0x0000023de335e310 nmethod 383 0x0000023dec41c090 code [0x0000023dec41c280, 0x0000023dec41c648]
Event: 0.366 Thread 0x0000023de335e310  384       3       java.util.ArrayList$Itr::checkForComodification (23 bytes)
Event: 0.366 Thread 0x0000023de335e310 nmethod 384 0x0000023dec41c810 code [0x0000023dec41c9c0, 0x0000023dec41cb88]
Event: 0.368 Thread 0x0000023de335e310  386       3       java.util.regex.Pattern::escape (1327 bytes)
Event: 0.368 Thread 0x0000023dfea0e290 nmethod 381 0x0000023df3e7d290 code [0x0000023df3e7d420, 0x0000023df3e7d778]
Event: 0.368 Thread 0x0000023dfea0e290  385       4       java.lang.StringLatin1::toLowerCase (186 bytes)
Event: 0.373 Thread 0x0000023de335e310 nmethod 386 0x0000023dec41cc90 code [0x0000023dec41d7e0, 0x0000023dec4247e8]
Event: 0.373 Thread 0x0000023de335e310  388       1       org.gradle.internal.installation.GradleInstallation::getLibDirs (5 bytes)
Event: 0.373 Thread 0x0000023de335e310 nmethod 388 0x0000023df3e7da10 code [0x0000023df3e7dba0, 0x0000023df3e7dc78]
Event: 0.374 Thread 0x0000023de335e310  389       3       java.util.LinkedHashMap$LinkedKeyIterator::next (8 bytes)
Event: 0.374 Thread 0x0000023de335e310 nmethod 389 0x0000023dec425f10 code [0x0000023dec4260c0, 0x0000023dec426228]
Event: 0.374 Thread 0x0000023de335e310  390       3       java.util.LinkedHashMap$LinkedHashIterator::nextNode (54 bytes)

GC Heap History (0 events):
No events

Deoptimization events (20 events):
Event: 0.328 Thread 0x0000023de32902f0 DEOPT PACKING pc=0x0000023dec3ea93e sp=0x000000bea13fe540
Event: 0.328 Thread 0x0000023de32902f0 DEOPT UNPACKING pc=0x0000023df3912b43 sp=0x000000bea13fd9b8 mode 0
Event: 0.328 Thread 0x0000023de32902f0 DEOPT PACKING pc=0x0000023dec3b677e sp=0x000000bea13fe510
Event: 0.328 Thread 0x0000023de32902f0 DEOPT UNPACKING pc=0x0000023df3912b43 sp=0x000000bea13fd980 mode 0
Event: 0.328 Thread 0x0000023de32902f0 DEOPT PACKING pc=0x0000023dec3ea93e sp=0x000000bea13fe540
Event: 0.328 Thread 0x0000023de32902f0 DEOPT UNPACKING pc=0x0000023df3912b43 sp=0x000000bea13fd9b8 mode 0
Event: 0.328 Thread 0x0000023de32902f0 DEOPT PACKING pc=0x0000023dec3b677e sp=0x000000bea13fe510
Event: 0.328 Thread 0x0000023de32902f0 DEOPT UNPACKING pc=0x0000023df3912b43 sp=0x000000bea13fd980 mode 0
Event: 0.328 Thread 0x0000023de32902f0 DEOPT PACKING pc=0x0000023dec3ea93e sp=0x000000bea13fe540
Event: 0.328 Thread 0x0000023de32902f0 DEOPT UNPACKING pc=0x0000023df3912b43 sp=0x000000bea13fd9b8 mode 0
Event: 0.328 Thread 0x0000023de32902f0 DEOPT PACKING pc=0x0000023dec3b677e sp=0x000000bea13fe510
Event: 0.328 Thread 0x0000023de32902f0 DEOPT UNPACKING pc=0x0000023df3912b43 sp=0x000000bea13fd980 mode 0
Event: 0.336 Thread 0x0000023de32902f0 DEOPT PACKING pc=0x0000023dec3ea93e sp=0x000000bea13fe4a0
Event: 0.336 Thread 0x0000023de32902f0 DEOPT UNPACKING pc=0x0000023df3912b43 sp=0x000000bea13fd918 mode 0
Event: 0.367 Thread 0x0000023de32902f0 DEOPT PACKING pc=0x0000023dec3e2cf2 sp=0x000000bea13fe220
Event: 0.367 Thread 0x0000023de32902f0 DEOPT UNPACKING pc=0x0000023df3912b43 sp=0x000000bea13fd6e0 mode 0
Event: 0.367 Thread 0x0000023de32902f0 DEOPT PACKING pc=0x0000023dec3e2cf2 sp=0x000000bea13fe220
Event: 0.367 Thread 0x0000023de32902f0 DEOPT UNPACKING pc=0x0000023df3912b43 sp=0x000000bea13fd6e0 mode 0
Event: 0.374 Thread 0x0000023de32902f0 DEOPT PACKING pc=0x0000023dec3e2cf2 sp=0x000000bea13fe220
Event: 0.374 Thread 0x0000023de32902f0 DEOPT UNPACKING pc=0x0000023df3912b43 sp=0x000000bea13fd6e0 mode 0

Classes unloaded (0 events):
No events

Classes redefined (0 events):
No events

Internal exceptions (1 events):
Event: 0.259 Thread 0x0000023de32902f0 Exception <a 'java/lang/NoSuchMethodError'{0x00000000ffc07320}: 'int java.lang.invoke.DirectMethodHandle$Holder.invokeStaticInit(java.lang.Object, java.lang.Object)'> (0x00000000ffc07320) 
thrown [s\open\src\hotspot\share\interpreter\linkResolver.cpp, line 759]

VM Operations (2 events):
Event: 0.085 Executing VM operation: HandshakeAllThreads
Event: 0.085 Executing VM operation: HandshakeAllThreads done

Events (20 events):
Event: 0.238 loading class sun/net/www/MessageHeader
Event: 0.239 loading class sun/net/www/MessageHeader done
Event: 0.239 loading class java/io/FilePermission$1
Event: 0.240 loading class jdk/internal/access/JavaIOFilePermissionAccess
Event: 0.240 loading class jdk/internal/access/JavaIOFilePermissionAccess done
Event: 0.240 loading class java/io/FilePermission$1 done
Event: 0.240 loading class java/io/FilePermissionCollection
Event: 0.241 loading class java/io/FilePermissionCollection done
Event: 0.241 loading class java/util/Vector
Event: 0.241 loading class java/util/Vector done
Event: 0.242 loading class java/io/FilePermissionCollection$1
Event: 0.242 loading class java/io/FilePermissionCollection$1 done
Event: 0.265 loading class java/net/MalformedURLException
Event: 0.266 loading class java/net/MalformedURLException done
Event: 0.268 loading class java/io/FileFilter
Event: 0.269 loading class java/io/FileFilter done
Event: 0.304 loading class java/util/AbstractList$Itr
Event: 0.305 loading class java/util/AbstractList$Itr done
Event: 0.326 loading class java/lang/invoke/DirectMethodHandle$Special
Event: 0.326 loading class java/lang/invoke/DirectMethodHandle$Special done


Dynamic libraries:
0x00007ff75f840000 - 0x00007ff75f850000 	C:\Program Files\Java\jdk-17\bin\java.exe
0x00007fff05570000 - 0x00007fff05768000 	C:\Windows\SYSTEM32\ntdll.dll
0x00007ffecda70000 - 0x00007ffecda90000 	C:\Program Files\Avast Software\Avast\aswhook.dll
0x00007fff04570000 - 0x00007fff04632000 	C:\Windows\System32\KERNEL32.DLL
0x00007fff03290000 - 0x00007fff03586000 	C:\Windows\System32\KERNELBASE.dll
0x00007fff03190000 - 0x00007fff03290000 	C:\Windows\System32\ucrtbase.dll
0x00007ffedb2b0000 - 0x00007ffedb2c9000 	C:\Program Files\Java\jdk-17\bin\jli.dll
0x00007ffedb290000 - 0x00007ffedb2ab000 	C:\Program Files\Java\jdk-17\bin\VCRUNTIME140.dll
0x00007fff05470000 - 0x00007fff05521000 	C:\Windows\System32\ADVAPI32.dll
0x00007fff04d40000 - 0x00007fff04dde000 	C:\Windows\System32\msvcrt.dll
0x00007fff04940000 - 0x00007fff049df000 	C:\Windows\System32\sechost.dll
0x00007fff05330000 - 0x00007fff05453000 	C:\Windows\System32\RPCRT4.dll
0x00007fff03160000 - 0x00007fff03187000 	C:\Windows\System32\bcrypt.dll
0x00007fff043c0000 - 0x00007fff0455d000 	C:\Windows\System32\USER32.dll
0x00007fff02e40000 - 0x00007fff02e62000 	C:\Windows\System32\win32u.dll
0x00007ffee9460000 - 0x00007ffee96fa000 	C:\Windows\WinSxS\amd64_microsoft.windows.common-controls_6595b64144ccf1df_6.0.19041.5915_none_60b4b9d171f9c7c7\COMCTL32.dll
0x00007fff04250000 - 0x00007fff0427b000 	C:\Windows\System32\GDI32.dll
0x00007fff02c00000 - 0x00007fff02d19000 	C:\Windows\System32\gdi32full.dll
0x00007fff02da0000 - 0x00007fff02e3d000 	C:\Windows\System32\msvcp_win.dll
0x00007fff00a10000 - 0x00007fff00a1a000 	C:\Windows\SYSTEM32\VERSION.dll
0x00007fff04e40000 - 0x00007fff04e6f000 	C:\Windows\System32\IMM32.DLL
0x00007ffedb280000 - 0x00007ffedb28c000 	C:\Program Files\Java\jdk-17\bin\vcruntime140_1.dll
0x00007ffeae610000 - 0x00007ffeae69e000 	C:\Program Files\Java\jdk-17\bin\msvcp140.dll
0x00007ffeada20000 - 0x00007ffeae601000 	C:\Program Files\Java\jdk-17\bin\server\jvm.dll
0x00007fff04560000 - 0x00007fff04568000 	C:\Windows\System32\PSAPI.DLL
0x00007ffef6d20000 - 0x00007ffef6d47000 	C:\Windows\SYSTEM32\WINMM.dll
0x00007ffee7350000 - 0x00007ffee7359000 	C:\Windows\SYSTEM32\WSOCK32.dll
0x00007fff049e0000 - 0x00007fff04a4b000 	C:\Windows\System32\WS2_32.dll
0x00007fff00c60000 - 0x00007fff00c72000 	C:\Windows\SYSTEM32\kernel.appcore.dll
0x00007ffedb270000 - 0x00007ffedb27a000 	C:\Program Files\Java\jdk-17\bin\jimage.dll
0x00007ffeffe10000 - 0x00007fff00011000 	C:\Windows\SYSTEM32\DBGHELP.DLL
0x00007ffef6f90000 - 0x00007ffef6fc4000 	C:\Windows\SYSTEM32\dbgcore.DLL
0x00007fff03080000 - 0x00007fff03102000 	C:\Windows\System32\bcryptPrimitives.dll
0x00007ffead870000 - 0x00007ffead895000 	C:\Program Files\Java\jdk-17\bin\java.dll
0x00007ffead790000 - 0x00007ffead867000 	C:\Program Files\Java\jdk-17\bin\jsvml.dll
0x00007fff03590000 - 0x00007fff03cfe000 	C:\Windows\System32\SHELL32.dll
0x00007fff00c80000 - 0x00007fff01424000 	C:\Windows\SYSTEM32\windows.storage.dll
0x00007fff04fd0000 - 0x00007fff05323000 	C:\Windows\System32\combase.dll
0x00007fff02560000 - 0x00007fff0258b000 	C:\Windows\SYSTEM32\Wldp.dll
0x00007fff04e70000 - 0x00007fff04f3d000 	C:\Windows\System32\OLEAUT32.dll
0x00007fff04ab0000 - 0x00007fff04b5d000 	C:\Windows\System32\SHCORE.dll
0x00007fff04280000 - 0x00007fff042db000 	C:\Windows\System32\shlwapi.dll
0x00007fff02b30000 - 0x00007fff02b54000 	C:\Windows\SYSTEM32\profapi.dll
0x00007ffedb250000 - 0x00007ffedb269000 	C:\Program Files\Java\jdk-17\bin\net.dll
0x00007ffefa150000 - 0x00007ffefa25a000 	C:\Windows\SYSTEM32\WINHTTP.dll
0x00007fff022c0000 - 0x00007fff0232a000 	C:\Windows\system32\mswsock.dll
0x00007ffead770000 - 0x00007ffead786000 	C:\Program Files\Java\jdk-17\bin\nio.dll
0x00007ffead750000 - 0x00007ffead768000 	C:\Program Files\Java\jdk-17\bin\zip.dll
0x00007ffefd7b0000 - 0x00007ffefd7c0000 	C:\Program Files\Java\jdk-17\bin\verify.dll

dbghelp: loaded successfully - version: 4.0.5 - missing functions: none
symbol engine: initialized successfully - sym options: 0x614 - pdb path: .;C:\Program Files\Java\jdk-17\bin;C:\Windows\SYSTEM32;C:\Program Files\Avast Software\Avast;C:\Windows\WinSxS\amd64_microsoft.windows.common-controls_6595b64144ccf1df_6.0.19041.5915_none_60b4b9d171f9c7c7;C:\Program Files\Java\jdk-17\bin\server

VM Arguments:
jvm_args: -Xmx64m -Xms64m -Dorg.gradle.appname=gradlew 
java_command: C:\Users\10User\ziara\frontend\android\\gradle\wrapper\gradle-wrapper.jar app:installDebug -PreactNativeDevServerPort=8081
java_class_path (initial): C:\Users\10User\ziara\frontend\android\\gradle\wrapper\gradle-wrapper.jar
Launcher Type: SUN_STANDARD

[Global flags]
     intx CICompilerCount                          = 4                                         {product} {ergonomic}
     uint ConcGCThreads                            = 2                                         {product} {ergonomic}
     uint G1ConcRefinementThreads                  = 8                                         {product} {ergonomic}
   size_t G1HeapRegionSize                         = 1048576                                   {product} {ergonomic}
    uintx GCDrainStackTargetSize                   = 64                                        {product} {ergonomic}
   size_t InitialHeapSize                          = 67108864                                  {product} {command line}
   size_t MarkStackSize                            = 4194304                                   {product} {ergonomic}
   size_t MaxHeapSize                              = 67108864                                  {product} {command line}
   size_t MaxNewSize                               = 39845888                                  {product} {ergonomic}
   size_t MinHeapDeltaBytes                        = 1048576                                   {product} {ergonomic}
   size_t MinHeapSize                              = 67108864                                  {product} {command line}
    uintx NonNMethodCodeHeapSize                   = 5839372                                {pd product} {ergonomic}
    uintx NonProfiledCodeHeapSize                  = 122909434                              {pd product} {ergonomic}
    uintx ProfiledCodeHeapSize                     = 122909434                              {pd product} {ergonomic}
    uintx ReservedCodeCacheSize                    = 251658240                              {pd product} {ergonomic}
     bool SegmentedCodeCache                       = true                                      {product} {ergonomic}
   size_t SoftMaxHeapSize                          = 67108864                               {manageable} {ergonomic}
     bool UseCompressedClassPointers               = true                           {product lp64_product} {ergonomic}
     bool UseCompressedOops                        = true                           {product lp64_product} {ergonomic}
     bool UseG1GC                                  = true                                      {product} {ergonomic}
     bool UseLargePagesIndividualAllocation        = false                                  {pd product} {ergonomic}

Logging:
Log output configuration:
 #0: stdout all=warning uptime,level,tags
 #1: stderr all=off uptime,level,tags

Environment Variables:
JAVA_HOME=C:\Program Files\Java\jdk-17
PATH=C:\Users\10User\ziara\frontend\node_modules\.bin;C:\Users\10User\ziara\frontend\node_modules\.bin;C:\Users\10User\ziara\node_modules\.bin;C:\Users\10User\node_modules\.bin;C:\Users\node_modules\.bin;C:\node_modules\.bin;C:\Users\10User\AppData\Roaming\npm\node_modules\npm\node_modules\@npmcli\run-script\lib\node-gyp-bin;C:\Users\10User\AppData\Local\Programs\Python\Python313\Scripts\;C:\Users\10User\AppData\Local\Programs\Python\Python313\;C:\Program Files\Common Files\Oracle\Java\javapath;C:\Windows\system32;C:\Windows;C:\Windows\System32\Wbem;C:\Windows\System32\WindowsPowerShell\v1.0\;C:\Windows\System32\OpenSSH\;C:\Program Files\Microsoft SQL Server\150\Tools\Binn\;C:\Program Files (x86)\Windows Kits\10\Windows Performance Toolkit\;C:\Program Files\Git\cmd;C:\Program Files\Git\mingw64\bin;C:\Program Files\Git\usr\bin;C:\Program Files\Microsoft SQL Server\Client SDK\ODBC\170\Tools\Binn\;C:\Program Files\dotnet\;C:\Program Files\Java;C:\ProgramData\chocolatey\bin;C:\platform-tools\platform-tools;C:\Program Files\nodejs\;C:\Users\10User\AppData\Local\Programs\Python\Launcher\;C:\Users\10User\AppData\Local\Microsoft\WindowsApps;C:\Users\10User\AppData\Local\Programs\Microsoft VS Code\bin;C:\src\flutter\bin;C:\Users\10User\.dotnet\tools;C:\Program Files\Java\jdk-17\bin;C:\Program Files\JetBrains\PyCharm 2024.2.3\bin;;C:\Users\10User\AppData\Roaming\npm;C:\Users\YourUsername\AppData\Local\Programs\Python\Python313\Scripts\;
USERNAME=10User
LANG=en_US.UTF-8
OS=Windows_NT
PROCESSOR_IDENTIFIER=AMD64 Family 23 Model 24 Stepping 1, AuthenticAMD



---------------  S Y S T E M  ---------------

OS:
 Windows 10 , 64 bit Build 19041 (10.0.19041.5915)
OS uptime: 0 days 17:46 hours

CPU: total 8 (initial active 8) (8 cores per cpu, 2 threads per core) family 23 model 24 stepping 1 microcode 0x0, cx8, cmov, fxsr, ht, mmx, 3dnowpref, sse, sse2, sse3, ssse3, sse4a, sse4.1, sse4.2, popcnt, lzcnt, tsc, tscinvbit, avx, avx2, aes, clmul, bmi1, bmi2, adx, sha, fma, vzeroupper, clflush, clflushopt

Memory: 4k page, system-wide physical 6019M (374M free)
TotalPageFile size 24451M (AvailPageFile size 3M)
current process WorkingSet (physical memory assigned to process): 46M, peak: 46M
current process commit charge ("private bytes"): 147M, peak: 147M

vm_info: Java HotSpot(TM) 64-Bit Server VM (17.0.14+8-LTS-191) for windows-amd64 JRE (17.0.14+8-LTS-191), built on Dec  3 2024 11:07:59 by "mach5one" with MS VC++ 17.6 (VS2022)

END.
